maj 20, 2025 3:54:34 PM com.example.demo.data.util.LoggerUtility logEvent
INFO: [2025-05-20 15:54:34] EVENT: CategoryRepository initialiseret
[2025-05-20 15:54:34] EVENT: CategoryRepository initialiseret
maj 20, 2025 3:54:35 PM com.example.demo.data.util.LoggerUtility logEvent
INFO: [2025-05-20 15:54:35] EVENT: ListingRepository initialiseret
[2025-05-20 15:54:35] EVENT: ListingRepository initialiseret
maj 20, 2025 3:54:35 PM com.example.demo.data.util.LoggerUtility logEvent
INFO: [2025-05-20 15:54:35] EVENT: FavoriteRepository initialized
[2025-05-20 15:54:35] EVENT: FavoriteRepository initialized
maj 20, 2025 3:54:35 PM com.example.demo.data.util.LoggerUtility logEvent
INFO: [2025-05-20 15:54:35] EVENT: MessageRepository initialiseret
[2025-05-20 15:54:35] EVENT: MessageRepository initialiseret
maj 20, 2025 3:54:35 PM com.example.demo.data.util.LoggerUtility logEvent
INFO: [2025-05-20 15:54:35] EVENT: NotificationRepository initialized
[2025-05-20 15:54:35] EVENT: NotificationRepository initialized
maj 20, 2025 3:54:35 PM com.example.demo.data.util.LoggerUtility logEvent
INFO: [2025-05-20 15:54:35] EVENT: OfferRepository initialized
[2025-05-20 15:54:35] EVENT: OfferRepository initialized
maj 20, 2025 3:54:35 PM com.example.demo.data.util.LoggerUtility logEvent
INFO: [2025-05-20 15:54:35] EVENT: ReviewRepository initialized
[2025-05-20 15:54:35] EVENT: ReviewRepository initialized
maj 20, 2025 3:54:35 PM com.example.demo.data.util.LoggerUtility logEvent
INFO: [2025-05-20 15:54:35] EVENT: TransactionRepository initialized
[2025-05-20 15:54:35] EVENT: TransactionRepository initialized
maj 20, 2025 3:54:35 PM com.example.demo.data.util.LoggerUtility logEvent
INFO: [2025-05-20 15:54:35] EVENT: UserRepository initialiseret
[2025-05-20 15:54:35] EVENT: UserRepository initialiseret
maj 20, 2025 3:54:35 PM com.example.demo.data.util.LoggerUtility logEvent
INFO: [2025-05-20 15:54:35] EVENT: GetCategoriesUseCase initialized
[2025-05-20 15:54:35] EVENT: GetCategoriesUseCase initialized
maj 20, 2025 3:54:35 PM com.example.demo.data.util.LoggerUtility logEvent
INFO: [2025-05-20 15:54:35] EVENT: GetCategoryUseCase initialized
[2025-05-20 15:54:35] EVENT: GetCategoryUseCase initialized
maj 20, 2025 4:02:16 PM com.example.demo.data.util.LoggerUtility logEvent
INFO: [2025-05-20 16:02:16] EVENT: CategoryRepository initialiseret
[2025-05-20 16:02:16] EVENT: CategoryRepository initialiseret
maj 20, 2025 4:02:16 PM com.example.demo.data.util.LoggerUtility logEvent
INFO: [2025-05-20 16:02:16] EVENT: ListingRepository initialiseret
[2025-05-20 16:02:16] EVENT: ListingRepository initialiseret
maj 20, 2025 4:02:16 PM com.example.demo.data.util.LoggerUtility logEvent
INFO: [2025-05-20 16:02:16] EVENT: FavoriteRepository initialized
[2025-05-20 16:02:16] EVENT: FavoriteRepository initialized
maj 20, 2025 4:02:16 PM com.example.demo.data.util.LoggerUtility logEvent
INFO: [2025-05-20 16:02:16] EVENT: MessageRepository initialiseret
[2025-05-20 16:02:16] EVENT: MessageRepository initialiseret
maj 20, 2025 4:02:16 PM com.example.demo.data.util.LoggerUtility logEvent
INFO: [2025-05-20 16:02:16] EVENT: NotificationRepository initialized
[2025-05-20 16:02:16] EVENT: NotificationRepository initialized
maj 20, 2025 4:02:16 PM com.example.demo.data.util.LoggerUtility logEvent
INFO: [2025-05-20 16:02:16] EVENT: OfferRepository initialized
[2025-05-20 16:02:16] EVENT: OfferRepository initialized
maj 20, 2025 4:02:16 PM com.example.demo.data.util.LoggerUtility logEvent
INFO: [2025-05-20 16:02:16] EVENT: ReviewRepository initialized
[2025-05-20 16:02:16] EVENT: ReviewRepository initialized
maj 20, 2025 4:02:16 PM com.example.demo.data.util.LoggerUtility logEvent
INFO: [2025-05-20 16:02:16] EVENT: TransactionRepository initialized
[2025-05-20 16:02:16] EVENT: TransactionRepository initialized
maj 20, 2025 4:02:16 PM com.example.demo.data.util.LoggerUtility logEvent
INFO: [2025-05-20 16:02:16] EVENT: UserRepository initialiseret
[2025-05-20 16:02:16] EVENT: UserRepository initialiseret
maj 20, 2025 4:02:16 PM com.example.demo.data.util.LoggerUtility logEvent
INFO: [2025-05-20 16:02:16] EVENT: GetCategoriesUseCase initialized
[2025-05-20 16:02:16] EVENT: GetCategoriesUseCase initialized
maj 20, 2025 4:02:16 PM com.example.demo.data.util.LoggerUtility logEvent
INFO: [2025-05-20 16:02:16] EVENT: GetCategoryUseCase initialized
[2025-05-20 16:02:16] EVENT: GetCategoryUseCase initialized
maj 20, 2025 4:02:31 PM com.example.demo.data.util.LoggerUtility logEvent
INFO: [2025-05-20 16:02:31] EVENT: CategoryRepository initialiseret
[2025-05-20 16:02:31] EVENT: CategoryRepository initialiseret
maj 20, 2025 4:02:31 PM com.example.demo.data.util.LoggerUtility logEvent
INFO: [2025-05-20 16:02:31] EVENT: ListingRepository initialiseret
[2025-05-20 16:02:31] EVENT: ListingRepository initialiseret
maj 20, 2025 4:02:31 PM com.example.demo.data.util.LoggerUtility logEvent
INFO: [2025-05-20 16:02:31] EVENT: FavoriteRepository initialized
[2025-05-20 16:02:31] EVENT: FavoriteRepository initialized
maj 20, 2025 4:02:31 PM com.example.demo.data.util.LoggerUtility logEvent
INFO: [2025-05-20 16:02:31] EVENT: MessageRepository initialiseret
[2025-05-20 16:02:31] EVENT: MessageRepository initialiseret
maj 20, 2025 4:02:31 PM com.example.demo.data.util.LoggerUtility logEvent
INFO: [2025-05-20 16:02:31] EVENT: NotificationRepository initialized
[2025-05-20 16:02:31] EVENT: NotificationRepository initialized
maj 20, 2025 4:02:31 PM com.example.demo.data.util.LoggerUtility logEvent
INFO: [2025-05-20 16:02:31] EVENT: OfferRepository initialized
[2025-05-20 16:02:31] EVENT: OfferRepository initialized
maj 20, 2025 4:02:31 PM com.example.demo.data.util.LoggerUtility logEvent
INFO: [2025-05-20 16:02:31] EVENT: ReviewRepository initialized
[2025-05-20 16:02:31] EVENT: ReviewRepository initialized
maj 20, 2025 4:02:31 PM com.example.demo.data.util.LoggerUtility logEvent
INFO: [2025-05-20 16:02:31] EVENT: TransactionRepository initialized
[2025-05-20 16:02:31] EVENT: TransactionRepository initialized
maj 20, 2025 4:02:31 PM com.example.demo.data.util.LoggerUtility logEvent
INFO: [2025-05-20 16:02:31] EVENT: UserRepository initialiseret
[2025-05-20 16:02:31] EVENT: UserRepository initialiseret
maj 20, 2025 4:02:31 PM com.example.demo.data.util.LoggerUtility logEvent
INFO: [2025-05-20 16:02:31] EVENT: GetCategoriesUseCase initialized
[2025-05-20 16:02:31] EVENT: GetCategoriesUseCase initialized
maj 20, 2025 4:02:31 PM com.example.demo.data.util.LoggerUtility logEvent
INFO: [2025-05-20 16:02:31] EVENT: GetCategoryUseCase initialized
[2025-05-20 16:02:31] EVENT: GetCategoryUseCase initialized
maj 20, 2025 4:03:09 PM com.example.demo.data.util.LoggerUtility logEvent
INFO: [2025-05-20 16:03:09] EVENT: CategoryRepository initialiseret
[2025-05-20 16:03:09] EVENT: CategoryRepository initialiseret
maj 20, 2025 4:03:09 PM com.example.demo.data.util.LoggerUtility logEvent
INFO: [2025-05-20 16:03:09] EVENT: ListingRepository initialiseret
[2025-05-20 16:03:09] EVENT: ListingRepository initialiseret
maj 20, 2025 4:03:09 PM com.example.demo.data.util.LoggerUtility logEvent
INFO: [2025-05-20 16:03:09] EVENT: FavoriteRepository initialized
[2025-05-20 16:03:09] EVENT: FavoriteRepository initialized
maj 20, 2025 4:03:09 PM com.example.demo.data.util.LoggerUtility logEvent
INFO: [2025-05-20 16:03:09] EVENT: MessageRepository initialiseret
[2025-05-20 16:03:09] EVENT: MessageRepository initialiseret
maj 20, 2025 4:03:09 PM com.example.demo.data.util.LoggerUtility logEvent
INFO: [2025-05-20 16:03:09] EVENT: NotificationRepository initialized
[2025-05-20 16:03:09] EVENT: NotificationRepository initialized
maj 20, 2025 4:03:09 PM com.example.demo.data.util.LoggerUtility logEvent
INFO: [2025-05-20 16:03:09] EVENT: OfferRepository initialized
[2025-05-20 16:03:09] EVENT: OfferRepository initialized
maj 20, 2025 4:03:09 PM com.example.demo.data.util.LoggerUtility logEvent
INFO: [2025-05-20 16:03:09] EVENT: ReviewRepository initialized
[2025-05-20 16:03:09] EVENT: ReviewRepository initialized
maj 20, 2025 4:03:09 PM com.example.demo.data.util.LoggerUtility logEvent
INFO: [2025-05-20 16:03:09] EVENT: TransactionRepository initialized
[2025-05-20 16:03:09] EVENT: TransactionRepository initialized
maj 20, 2025 4:03:09 PM com.example.demo.data.util.LoggerUtility logEvent
INFO: [2025-05-20 16:03:09] EVENT: UserRepository initialiseret
[2025-05-20 16:03:09] EVENT: UserRepository initialiseret
maj 20, 2025 4:03:09 PM com.example.demo.data.util.LoggerUtility logEvent
INFO: [2025-05-20 16:03:09] EVENT: GetCategoriesUseCase initialized
[2025-05-20 16:03:09] EVENT: GetCategoriesUseCase initialized
maj 20, 2025 4:03:09 PM com.example.demo.data.util.LoggerUtility logEvent
INFO: [2025-05-20 16:03:09] EVENT: GetCategoryUseCase initialized
[2025-05-20 16:03:09] EVENT: GetCategoryUseCase initialized
maj 20, 2025 4:04:03 PM com.example.demo.data.util.LoggerUtility logEvent
INFO: [2025-05-20 16:04:03] EVENT: CategoryRepository initialiseret
[2025-05-20 16:04:03] EVENT: CategoryRepository initialiseret
maj 20, 2025 4:04:03 PM com.example.demo.data.util.LoggerUtility logEvent
INFO: [2025-05-20 16:04:03] EVENT: ListingRepository initialiseret
[2025-05-20 16:04:03] EVENT: ListingRepository initialiseret
maj 20, 2025 4:04:03 PM com.example.demo.data.util.LoggerUtility logEvent
INFO: [2025-05-20 16:04:03] EVENT: FavoriteRepository initialized
[2025-05-20 16:04:03] EVENT: FavoriteRepository initialized
maj 20, 2025 4:04:03 PM com.example.demo.data.util.LoggerUtility logEvent
INFO: [2025-05-20 16:04:03] EVENT: MessageRepository initialiseret
[2025-05-20 16:04:03] EVENT: MessageRepository initialiseret
maj 20, 2025 4:04:03 PM com.example.demo.data.util.LoggerUtility logEvent
INFO: [2025-05-20 16:04:03] EVENT: NotificationRepository initialized
[2025-05-20 16:04:03] EVENT: NotificationRepository initialized
maj 20, 2025 4:04:03 PM com.example.demo.data.util.LoggerUtility logEvent
INFO: [2025-05-20 16:04:03] EVENT: OfferRepository initialized
[2025-05-20 16:04:03] EVENT: OfferRepository initialized
maj 20, 2025 4:04:03 PM com.example.demo.data.util.LoggerUtility logEvent
INFO: [2025-05-20 16:04:03] EVENT: ReviewRepository initialized
[2025-05-20 16:04:03] EVENT: ReviewRepository initialized
maj 20, 2025 4:04:03 PM com.example.demo.data.util.LoggerUtility logEvent
INFO: [2025-05-20 16:04:03] EVENT: TransactionRepository initialized
[2025-05-20 16:04:03] EVENT: TransactionRepository initialized
maj 20, 2025 4:04:03 PM com.example.demo.data.util.LoggerUtility logEvent
INFO: [2025-05-20 16:04:03] EVENT: UserRepository initialiseret
[2025-05-20 16:04:03] EVENT: UserRepository initialiseret
maj 20, 2025 4:04:03 PM com.example.demo.data.util.LoggerUtility logEvent
INFO: [2025-05-20 16:04:03] EVENT: GetCategoriesUseCase initialized
[2025-05-20 16:04:03] EVENT: GetCategoriesUseCase initialized
maj 20, 2025 4:04:03 PM com.example.demo.data.util.LoggerUtility logEvent
INFO: [2025-05-20 16:04:03] EVENT: GetCategoryUseCase initialized
[2025-05-20 16:04:03] EVENT: GetCategoryUseCase initialized
maj 20, 2025 4:04:18 PM com.example.demo.data.util.LoggerUtility logEvent
INFO: [2025-05-20 16:04:18] EVENT: CategoryRepository initialiseret
[2025-05-20 16:04:18] EVENT: CategoryRepository initialiseret
maj 20, 2025 4:04:18 PM com.example.demo.data.util.LoggerUtility logEvent
INFO: [2025-05-20 16:04:18] EVENT: ListingRepository initialiseret
[2025-05-20 16:04:18] EVENT: ListingRepository initialiseret
maj 20, 2025 4:04:18 PM com.example.demo.data.util.LoggerUtility logEvent
INFO: [2025-05-20 16:04:18] EVENT: FavoriteRepository initialized
[2025-05-20 16:04:18] EVENT: FavoriteRepository initialized
maj 20, 2025 4:04:18 PM com.example.demo.data.util.LoggerUtility logEvent
INFO: [2025-05-20 16:04:18] EVENT: MessageRepository initialiseret
[2025-05-20 16:04:18] EVENT: MessageRepository initialiseret
maj 20, 2025 4:04:18 PM com.example.demo.data.util.LoggerUtility logEvent
INFO: [2025-05-20 16:04:18] EVENT: NotificationRepository initialized
[2025-05-20 16:04:18] EVENT: NotificationRepository initialized
maj 20, 2025 4:04:18 PM com.example.demo.data.util.LoggerUtility logEvent
INFO: [2025-05-20 16:04:18] EVENT: OfferRepository initialized
[2025-05-20 16:04:18] EVENT: OfferRepository initialized
maj 20, 2025 4:04:18 PM com.example.demo.data.util.LoggerUtility logEvent
INFO: [2025-05-20 16:04:18] EVENT: ReviewRepository initialized
[2025-05-20 16:04:18] EVENT: ReviewRepository initialized
maj 20, 2025 4:04:18 PM com.example.demo.data.util.LoggerUtility logEvent
INFO: [2025-05-20 16:04:18] EVENT: TransactionRepository initialized
[2025-05-20 16:04:18] EVENT: TransactionRepository initialized
maj 20, 2025 4:04:18 PM com.example.demo.data.util.LoggerUtility logEvent
INFO: [2025-05-20 16:04:18] EVENT: UserRepository initialiseret
[2025-05-20 16:04:18] EVENT: UserRepository initialiseret
maj 20, 2025 4:04:18 PM com.example.demo.data.util.LoggerUtility logEvent
INFO: [2025-05-20 16:04:18] EVENT: GetCategoriesUseCase initialized
[2025-05-20 16:04:18] EVENT: GetCategoriesUseCase initialized
maj 20, 2025 4:04:18 PM com.example.demo.data.util.LoggerUtility logEvent
INFO: [2025-05-20 16:04:18] EVENT: GetCategoryUseCase initialized
[2025-05-20 16:04:18] EVENT: GetCategoryUseCase initialized
maj 20, 2025 4:04:39 PM com.example.demo.data.util.LoggerUtility logError
SEVERE: [2025-05-20 16:04:39] ERROR: Unhandled exception: No static resource .
[2025-05-20 16:04:39] ERROR: Unhandled exception: No static resource .
maj 20, 2025 4:04:40 PM com.example.demo.data.util.LoggerUtility logError
SEVERE: [2025-05-20 16:04:40] ERROR: Unhandled exception: No static resource favicon.ico.
[2025-05-20 16:04:40] ERROR: Unhandled exception: No static resource favicon.ico.
maj 20, 2025 4:55:55 PM com.example.demo.data.util.LoggerUtility logEvent
INFO: [2025-05-20 16:55:55] EVENT: CategoryRepository initialiseret
[2025-05-20 16:55:55] EVENT: CategoryRepository initialiseret
maj 20, 2025 4:55:55 PM com.example.demo.data.util.LoggerUtility logEvent
INFO: [2025-05-20 16:55:55] EVENT: ListingRepository initialiseret
[2025-05-20 16:55:55] EVENT: ListingRepository initialiseret
maj 20, 2025 4:55:55 PM com.example.demo.data.util.LoggerUtility logEvent
INFO: [2025-05-20 16:55:55] EVENT: FavoriteRepository initialized
[2025-05-20 16:55:55] EVENT: FavoriteRepository initialized
maj 20, 2025 4:55:55 PM com.example.demo.data.util.LoggerUtility logEvent
INFO: [2025-05-20 16:55:55] EVENT: MessageRepository initialiseret
[2025-05-20 16:55:55] EVENT: MessageRepository initialiseret
maj 20, 2025 4:55:55 PM com.example.demo.data.util.LoggerUtility logEvent
INFO: [2025-05-20 16:55:55] EVENT: NotificationRepository initialized
[2025-05-20 16:55:55] EVENT: NotificationRepository initialized
maj 20, 2025 4:55:55 PM com.example.demo.data.util.LoggerUtility logEvent
INFO: [2025-05-20 16:55:55] EVENT: OfferRepository initialized
[2025-05-20 16:55:55] EVENT: OfferRepository initialized
maj 20, 2025 4:55:55 PM com.example.demo.data.util.LoggerUtility logEvent
INFO: [2025-05-20 16:55:55] EVENT: ReviewRepository initialized
[2025-05-20 16:55:55] EVENT: ReviewRepository initialized
maj 20, 2025 4:55:55 PM com.example.demo.data.util.LoggerUtility logEvent
INFO: [2025-05-20 16:55:55] EVENT: TransactionRepository initialized
[2025-05-20 16:55:55] EVENT: TransactionRepository initialized
maj 20, 2025 4:55:55 PM com.example.demo.data.util.LoggerUtility logEvent
INFO: [2025-05-20 16:55:55] EVENT: UserRepository initialiseret
[2025-05-20 16:55:55] EVENT: UserRepository initialiseret
maj 20, 2025 4:55:55 PM com.example.demo.data.util.LoggerUtility logEvent
INFO: [2025-05-20 16:55:55] EVENT: GetCategoriesUseCase initialized
[2025-05-20 16:55:55] EVENT: GetCategoriesUseCase initialized
maj 20, 2025 4:55:55 PM com.example.demo.data.util.LoggerUtility logEvent
INFO: [2025-05-20 16:55:55] EVENT: GetCategoryUseCase initialized
[2025-05-20 16:55:55] EVENT: GetCategoryUseCase initialized
maj 20, 2025 4:56:00 PM com.example.demo.data.util.LoggerUtility logError
SEVERE: [2025-05-20 16:56:00] ERROR: Unhandled exception: No static resource favicon.ico.
[2025-05-20 16:56:00] ERROR: Unhandled exception: No static resource favicon.ico.
maj 20, 2025 4:56:05 PM com.example.demo.data.util.LoggerUtility logError
SEVERE: [2025-05-20 16:56:05] ERROR: Unhandled exception: No static resource favicon.ico.
[2025-05-20 16:56:05] ERROR: Unhandled exception: No static resource favicon.ico.
maj 20, 2025 5:02:51 PM com.example.demo.data.util.LoggerUtility logEvent
INFO: [2025-05-20 17:02:51] EVENT: CategoryRepository initialiseret
[2025-05-20 17:02:51] EVENT: CategoryRepository initialiseret
maj 20, 2025 5:02:51 PM com.example.demo.data.util.LoggerUtility logEvent
INFO: [2025-05-20 17:02:51] EVENT: ListingRepository initialiseret
[2025-05-20 17:02:51] EVENT: ListingRepository initialiseret
maj 20, 2025 5:02:51 PM com.example.demo.data.util.LoggerUtility logEvent
INFO: [2025-05-20 17:02:51] EVENT: FavoriteRepository initialized
[2025-05-20 17:02:51] EVENT: FavoriteRepository initialized
maj 20, 2025 5:02:51 PM com.example.demo.data.util.LoggerUtility logEvent
INFO: [2025-05-20 17:02:51] EVENT: MessageRepository initialiseret
[2025-05-20 17:02:51] EVENT: MessageRepository initialiseret
maj 20, 2025 5:02:51 PM com.example.demo.data.util.LoggerUtility logEvent
INFO: [2025-05-20 17:02:51] EVENT: NotificationRepository initialized
[2025-05-20 17:02:51] EVENT: NotificationRepository initialized
maj 20, 2025 5:02:51 PM com.example.demo.data.util.LoggerUtility logEvent
INFO: [2025-05-20 17:02:51] EVENT: OfferRepository initialized
[2025-05-20 17:02:51] EVENT: OfferRepository initialized
maj 20, 2025 5:02:51 PM com.example.demo.data.util.LoggerUtility logEvent
INFO: [2025-05-20 17:02:51] EVENT: ReviewRepository initialized
[2025-05-20 17:02:51] EVENT: ReviewRepository initialized
maj 20, 2025 5:02:51 PM com.example.demo.data.util.LoggerUtility logEvent
INFO: [2025-05-20 17:02:51] EVENT: TransactionRepository initialized
[2025-05-20 17:02:51] EVENT: TransactionRepository initialized
maj 20, 2025 5:02:51 PM com.example.demo.data.util.LoggerUtility logEvent
INFO: [2025-05-20 17:02:51] EVENT: UserRepository initialiseret
[2025-05-20 17:02:51] EVENT: UserRepository initialiseret
maj 20, 2025 5:02:51 PM com.example.demo.data.util.LoggerUtility logEvent
INFO: [2025-05-20 17:02:51] EVENT: GetCategoriesUseCase initialized
[2025-05-20 17:02:51] EVENT: GetCategoriesUseCase initialized
maj 20, 2025 5:02:51 PM com.example.demo.data.util.LoggerUtility logEvent
INFO: [2025-05-20 17:02:51] EVENT: GetCategoryUseCase initialized
[2025-05-20 17:02:51] EVENT: GetCategoryUseCase initialized
maj 20, 2025 5:02:55 PM com.example.demo.data.util.LoggerUtility logError
SEVERE: [2025-05-20 17:02:55] ERROR: Unhandled exception: No static resource images/product-placeholder.jpg.
[2025-05-20 17:02:55] ERROR: Unhandled exception: No static resource images/product-placeholder.jpg.
maj 20, 2025 5:02:56 PM com.example.demo.data.util.LoggerUtility logError
SEVERE: [2025-05-20 17:02:56] ERROR: Unhandled exception: No static resource favicon.ico.
[2025-05-20 17:02:56] ERROR: Unhandled exception: No static resource favicon.ico.
maj 20, 2025 5:02:57 PM com.example.demo.data.util.LoggerUtility logError
SEVERE: [2025-05-20 17:02:57] ERROR: Unhandled exception: No static resource shop.
[2025-05-20 17:02:57] ERROR: Unhandled exception: No static resource shop.
maj 20, 2025 5:02:57 PM com.example.demo.data.util.LoggerUtility logError
SEVERE: [2025-05-20 17:02:57] ERROR: Unhandled exception: No static resource favicon.ico.
[2025-05-20 17:02:57] ERROR: Unhandled exception: No static resource favicon.ico.
maj 20, 2025 5:02:58 PM com.example.demo.data.util.LoggerUtility logError
SEVERE: [2025-05-20 17:02:58] ERROR: Unhandled exception: No static resource favicon.ico.
[2025-05-20 17:02:58] ERROR: Unhandled exception: No static resource favicon.ico.
maj 20, 2025 5:03:11 PM com.example.demo.data.util.LoggerUtility logError
SEVERE: [2025-05-20 17:03:11] ERROR: Unhandled exception: No static resource favicon.ico.
[2025-05-20 17:03:11] ERROR: Unhandled exception: No static resource favicon.ico.
maj 20, 2025 5:03:24 PM com.example.demo.data.util.LoggerUtility logError
SEVERE: [2025-05-20 17:03:24] ERROR: Unhandled exception: No static resource profile.
[2025-05-20 17:03:24] ERROR: Unhandled exception: No static resource profile.
maj 20, 2025 5:03:24 PM com.example.demo.data.util.LoggerUtility logError
SEVERE: [2025-05-20 17:03:24] ERROR: Unhandled exception: No static resource favicon.ico.
[2025-05-20 17:03:24] ERROR: Unhandled exception: No static resource favicon.ico.
maj 20, 2025 5:43:30 PM com.example.demo.data.util.LoggerUtility logError
SEVERE: [2025-05-20 17:43:30] ERROR: Unhandled exception: No static resource images/product-placeholder.jpg.
[2025-05-20 17:43:30] ERROR: Unhandled exception: No static resource images/product-placeholder.jpg.
maj 20, 2025 5:43:30 PM com.example.demo.data.util.LoggerUtility logError
SEVERE: [2025-05-20 17:43:30] ERROR: Unhandled exception: No static resource favicon.ico.
[2025-05-20 17:43:30] ERROR: Unhandled exception: No static resource favicon.ico.
maj 20, 2025 5:43:31 PM com.example.demo.data.util.LoggerUtility logError
SEVERE: [2025-05-20 17:43:31] ERROR: Unhandled exception: No static resource profile.
[2025-05-20 17:43:31] ERROR: Unhandled exception: No static resource profile.
maj 20, 2025 5:43:32 PM com.example.demo.data.util.LoggerUtility logError
SEVERE: [2025-05-20 17:43:32] ERROR: Unhandled exception: No static resource favicon.ico.
[2025-05-20 17:43:32] ERROR: Unhandled exception: No static resource favicon.ico.
maj 20, 2025 5:46:13 PM com.example.demo.data.util.LoggerUtility logEvent
INFO: [2025-05-20 17:46:13] EVENT: CategoryRepository initialiseret
[2025-05-20 17:46:13] EVENT: CategoryRepository initialiseret
maj 20, 2025 5:46:13 PM com.example.demo.data.util.LoggerUtility logEvent
INFO: [2025-05-20 17:46:13] EVENT: ListingRepository initialiseret
[2025-05-20 17:46:13] EVENT: ListingRepository initialiseret
maj 20, 2025 5:46:13 PM com.example.demo.data.util.LoggerUtility logEvent
INFO: [2025-05-20 17:46:13] EVENT: FavoriteRepository initialized
[2025-05-20 17:46:13] EVENT: FavoriteRepository initialized
maj 20, 2025 5:46:13 PM com.example.demo.data.util.LoggerUtility logEvent
INFO: [2025-05-20 17:46:13] EVENT: MessageRepository initialiseret
[2025-05-20 17:46:13] EVENT: MessageRepository initialiseret
maj 20, 2025 5:46:13 PM com.example.demo.data.util.LoggerUtility logEvent
INFO: [2025-05-20 17:46:13] EVENT: NotificationRepository initialized
[2025-05-20 17:46:13] EVENT: NotificationRepository initialized
maj 20, 2025 5:46:13 PM com.example.demo.data.util.LoggerUtility logEvent
INFO: [2025-05-20 17:46:13] EVENT: OfferRepository initialized
[2025-05-20 17:46:13] EVENT: OfferRepository initialized
maj 20, 2025 5:46:13 PM com.example.demo.data.util.LoggerUtility logEvent
INFO: [2025-05-20 17:46:13] EVENT: ReviewRepository initialized
[2025-05-20 17:46:13] EVENT: ReviewRepository initialized
maj 20, 2025 5:46:13 PM com.example.demo.data.util.LoggerUtility logEvent
INFO: [2025-05-20 17:46:13] EVENT: TransactionRepository initialized
[2025-05-20 17:46:13] EVENT: TransactionRepository initialized
maj 20, 2025 5:46:13 PM com.example.demo.data.util.LoggerUtility logEvent
INFO: [2025-05-20 17:46:13] EVENT: UserRepository initialiseret
[2025-05-20 17:46:13] EVENT: UserRepository initialiseret
maj 20, 2025 5:46:13 PM com.example.demo.data.util.LoggerUtility logEvent
INFO: [2025-05-20 17:46:13] EVENT: GetCategoriesUseCase initialized
[2025-05-20 17:46:13] EVENT: GetCategoriesUseCase initialized
maj 20, 2025 5:46:13 PM com.example.demo.data.util.LoggerUtility logEvent
INFO: [2025-05-20 17:46:13] EVENT: GetCategoryUseCase initialized
[2025-05-20 17:46:13] EVENT: GetCategoryUseCase initialized
maj 20, 2025 5:46:17 PM com.example.demo.data.util.LoggerUtility logError
SEVERE: [2025-05-20 17:46:17] ERROR: Unhandled exception: No static resource images/product-placeholder.jpg.
[2025-05-20 17:46:17] ERROR: Unhandled exception: No static resource images/product-placeholder.jpg.
maj 20, 2025 5:46:17 PM com.example.demo.data.util.LoggerUtility logError
SEVERE: [2025-05-20 17:46:17] ERROR: Unhandled exception: No static resource favicon.ico.
[2025-05-20 17:46:17] ERROR: Unhandled exception: No static resource favicon.ico.
maj 20, 2025 5:46:19 PM com.example.demo.data.util.LoggerUtility logWarning
WARNING: [2025-05-20 17:46:19] WARNING: Bruger ikke fundet med ID: default-user
[2025-05-20 17:46:19] WARNING: Bruger ikke fundet med ID: default-user
maj 20, 2025 5:46:19 PM com.example.demo.data.util.LoggerUtility logError
SEVERE: [2025-05-20 17:46:19] ERROR: Unhandled exception: No static resource favicon.ico.
[2025-05-20 17:46:19] ERROR: Unhandled exception: No static resource favicon.ico.
maj 20, 2025 5:46:21 PM com.example.demo.data.util.LoggerUtility logError
SEVERE: [2025-05-20 17:46:21] ERROR: Unhandled exception: No static resource favicon.ico.
[2025-05-20 17:46:21] ERROR: Unhandled exception: No static resource favicon.ico.
maj 20, 2025 5:46:23 PM com.example.demo.data.util.LoggerUtility logError
SEVERE: [2025-05-20 17:46:23] ERROR: Unhandled exception: No static resource favicon.ico.
[2025-05-20 17:46:23] ERROR: Unhandled exception: No static resource favicon.ico.
maj 20, 2025 5:46:25 PM com.example.demo.data.util.LoggerUtility logError
SEVERE: [2025-05-20 17:46:25] ERROR: Unhandled exception: No static resource favicon.ico.
[2025-05-20 17:46:25] ERROR: Unhandled exception: No static resource favicon.ico.
maj 20, 2025 5:46:32 PM com.example.demo.data.util.LoggerUtility logError
SEVERE: [2025-05-20 17:46:32] ERROR: Unhandled exception: No static resource favicon.ico.
[2025-05-20 17:46:32] ERROR: Unhandled exception: No static resource favicon.ico.
maj 20, 2025 5:54:37 PM com.example.demo.data.util.LoggerUtility logEvent
INFO: [2025-05-20 17:54:37] EVENT: CategoryRepository initialiseret
[2025-05-20 17:54:37] EVENT: CategoryRepository initialiseret
maj 20, 2025 5:54:38 PM com.example.demo.data.util.LoggerUtility logEvent
INFO: [2025-05-20 17:54:38] EVENT: ListingRepository initialiseret
[2025-05-20 17:54:38] EVENT: ListingRepository initialiseret
maj 20, 2025 5:54:38 PM com.example.demo.data.util.LoggerUtility logEvent
INFO: [2025-05-20 17:54:38] EVENT: FavoriteRepository initialized
[2025-05-20 17:54:38] EVENT: FavoriteRepository initialized
maj 20, 2025 5:54:38 PM com.example.demo.data.util.LoggerUtility logEvent
INFO: [2025-05-20 17:54:38] EVENT: MessageRepository initialiseret
[2025-05-20 17:54:38] EVENT: MessageRepository initialiseret
maj 20, 2025 5:54:38 PM com.example.demo.data.util.LoggerUtility logEvent
INFO: [2025-05-20 17:54:38] EVENT: NotificationRepository initialized
[2025-05-20 17:54:38] EVENT: NotificationRepository initialized
maj 20, 2025 5:54:38 PM com.example.demo.data.util.LoggerUtility logEvent
INFO: [2025-05-20 17:54:38] EVENT: OfferRepository initialized
[2025-05-20 17:54:38] EVENT: OfferRepository initialized
maj 20, 2025 5:54:38 PM com.example.demo.data.util.LoggerUtility logEvent
INFO: [2025-05-20 17:54:38] EVENT: ReviewRepository initialized
[2025-05-20 17:54:38] EVENT: ReviewRepository initialized
maj 20, 2025 5:54:38 PM com.example.demo.data.util.LoggerUtility logEvent
INFO: [2025-05-20 17:54:38] EVENT: TransactionRepository initialized
[2025-05-20 17:54:38] EVENT: TransactionRepository initialized
maj 20, 2025 5:54:38 PM com.example.demo.data.util.LoggerUtility logEvent
INFO: [2025-05-20 17:54:38] EVENT: UserRepository initialiseret
[2025-05-20 17:54:38] EVENT: UserRepository initialiseret
maj 20, 2025 5:54:38 PM com.example.demo.data.util.LoggerUtility logEvent
INFO: [2025-05-20 17:54:38] EVENT: GetCategoriesUseCase initialized
[2025-05-20 17:54:38] EVENT: GetCategoriesUseCase initialized
maj 20, 2025 5:54:38 PM com.example.demo.data.util.LoggerUtility logEvent
INFO: [2025-05-20 17:54:38] EVENT: GetCategoryUseCase initialized
[2025-05-20 17:54:38] EVENT: GetCategoryUseCase initialized
maj 20, 2025 5:54:44 PM com.example.demo.data.util.LoggerUtility logError
SEVERE: [2025-05-20 17:54:44] ERROR: Unhandled exception: No static resource images/product-placeholder.jpg.
[2025-05-20 17:54:44] ERROR: Unhandled exception: No static resource images/product-placeholder.jpg.
maj 20, 2025 5:54:44 PM com.example.demo.data.util.LoggerUtility logError
SEVERE: [2025-05-20 17:54:44] ERROR: Unhandled exception: No static resource favicon.ico.
[2025-05-20 17:54:44] ERROR: Unhandled exception: No static resource favicon.ico.
maj 20, 2025 5:54:46 PM com.example.demo.data.util.LoggerUtility logError
SEVERE: [2025-05-20 17:54:46] ERROR: Unhandled exception: No static resource favicon.ico.
[2025-05-20 17:54:46] ERROR: Unhandled exception: No static resource favicon.ico.
maj 20, 2025 5:54:47 PM com.example.demo.data.util.LoggerUtility logError
SEVERE: [2025-05-20 17:54:47] ERROR: Unhandled exception: No static resource favicon.ico.
[2025-05-20 17:54:47] ERROR: Unhandled exception: No static resource favicon.ico.
maj 20, 2025 5:54:48 PM com.example.demo.data.util.LoggerUtility logError
SEVERE: [2025-05-20 17:54:48] ERROR: Unhandled exception: No static resource favicon.ico.
[2025-05-20 17:54:48] ERROR: Unhandled exception: No static resource favicon.ico.
maj 20, 2025 5:54:50 PM com.example.demo.data.util.LoggerUtility logError
SEVERE: [2025-05-20 17:54:50] ERROR: Unhandled exception: No static resource favicon.ico.
[2025-05-20 17:54:50] ERROR: Unhandled exception: No static resource favicon.ico.
maj 20, 2025 5:54:52 PM com.example.demo.data.util.LoggerUtility logError
SEVERE: [2025-05-20 17:54:52] ERROR: Unhandled exception: No static resource favicon.ico.
[2025-05-20 17:54:52] ERROR: Unhandled exception: No static resource favicon.ico.
maj 20, 2025 5:54:54 PM com.example.demo.data.util.LoggerUtility logError
SEVERE: [2025-05-20 17:54:54] ERROR: Unhandled exception: No static resource favicon.ico.
[2025-05-20 17:54:54] ERROR: Unhandled exception: No static resource favicon.ico.
maj 20, 2025 5:54:56 PM com.example.demo.data.util.LoggerUtility logError
SEVERE: [2025-05-20 17:54:56] ERROR: Unhandled exception: No static resource favicon.ico.
[2025-05-20 17:54:56] ERROR: Unhandled exception: No static resource favicon.ico.
maj 20, 2025 5:54:57 PM com.example.demo.data.util.LoggerUtility logError
SEVERE: [2025-05-20 17:54:57] ERROR: Unhandled exception: No static resource favicon.ico.
[2025-05-20 17:54:57] ERROR: Unhandled exception: No static resource favicon.ico.
maj 20, 2025 5:54:59 PM com.example.demo.data.util.LoggerUtility logError
SEVERE: [2025-05-20 17:54:59] ERROR: Unhandled exception: No static resource favicon.ico.
[2025-05-20 17:54:59] ERROR: Unhandled exception: No static resource favicon.ico.
maj 20, 2025 5:55:04 PM com.example.demo.data.util.LoggerUtility logError
SEVERE: [2025-05-20 17:55:04] ERROR: Unhandled exception: No static resource images/product-placeholder.jpg.
[2025-05-20 17:55:04] ERROR: Unhandled exception: No static resource images/product-placeholder.jpg.
maj 20, 2025 5:55:04 PM com.example.demo.data.util.LoggerUtility logError
SEVERE: [2025-05-20 17:55:04] ERROR: Unhandled exception: No static resource favicon.ico.
[2025-05-20 17:55:04] ERROR: Unhandled exception: No static resource favicon.ico.
maj 20, 2025 5:55:06 PM com.example.demo.data.util.LoggerUtility logError
SEVERE: [2025-05-20 17:55:06] ERROR: Unhandled exception: No static resource cart.
[2025-05-20 17:55:06] ERROR: Unhandled exception: No static resource cart.
maj 20, 2025 5:55:07 PM com.example.demo.data.util.LoggerUtility logError
SEVERE: [2025-05-20 17:55:07] ERROR: Unhandled exception: No static resource favicon.ico.
[2025-05-20 17:55:07] ERROR: Unhandled exception: No static resource favicon.ico.
maj 20, 2025 6:45:17 PM com.example.demo.data.util.LoggerUtility logEvent
INFO: [2025-05-20 18:45:17] EVENT: CategoryRepository initialiseret
[2025-05-20 18:45:17] EVENT: CategoryRepository initialiseret
maj 20, 2025 6:45:17 PM com.example.demo.data.util.LoggerUtility logEvent
INFO: [2025-05-20 18:45:17] EVENT: ListingRepository initialiseret
[2025-05-20 18:45:17] EVENT: ListingRepository initialiseret
maj 20, 2025 6:45:17 PM com.example.demo.data.util.LoggerUtility logEvent
INFO: [2025-05-20 18:45:17] EVENT: FavoriteRepository initialized
[2025-05-20 18:45:17] EVENT: FavoriteRepository initialized
maj 20, 2025 6:45:17 PM com.example.demo.data.util.LoggerUtility logEvent
INFO: [2025-05-20 18:45:17] EVENT: MessageRepository initialiseret
[2025-05-20 18:45:17] EVENT: MessageRepository initialiseret
maj 20, 2025 6:45:17 PM com.example.demo.data.util.LoggerUtility logEvent
INFO: [2025-05-20 18:45:17] EVENT: NotificationRepository initialized
[2025-05-20 18:45:17] EVENT: NotificationRepository initialized
maj 20, 2025 6:45:17 PM com.example.demo.data.util.LoggerUtility logEvent
INFO: [2025-05-20 18:45:17] EVENT: OfferRepository initialized
[2025-05-20 18:45:17] EVENT: OfferRepository initialized
maj 20, 2025 6:45:17 PM com.example.demo.data.util.LoggerUtility logEvent
INFO: [2025-05-20 18:45:17] EVENT: ReviewRepository initialized
[2025-05-20 18:45:17] EVENT: ReviewRepository initialized
maj 20, 2025 6:45:17 PM com.example.demo.data.util.LoggerUtility logEvent
INFO: [2025-05-20 18:45:17] EVENT: TransactionRepository initialized
[2025-05-20 18:45:17] EVENT: TransactionRepository initialized
maj 20, 2025 6:45:17 PM com.example.demo.data.util.LoggerUtility logEvent
INFO: [2025-05-20 18:45:17] EVENT: UserRepository initialiseret
[2025-05-20 18:45:17] EVENT: UserRepository initialiseret
maj 20, 2025 6:45:17 PM com.example.demo.data.util.LoggerUtility logEvent
INFO: [2025-05-20 18:45:17] EVENT: GetCategoriesUseCase initialized
[2025-05-20 18:45:17] EVENT: GetCategoriesUseCase initialized
maj 20, 2025 6:45:17 PM com.example.demo.data.util.LoggerUtility logEvent
INFO: [2025-05-20 18:45:17] EVENT: GetCategoryUseCase initialized
[2025-05-20 18:45:17] EVENT: GetCategoryUseCase initialized
maj 20, 2025 7:07:35 PM com.example.demo.data.util.LoggerUtility logEvent
INFO: [2025-05-20 19:07:35] EVENT: CategoryRepository initialiseret
[2025-05-20 19:07:35] EVENT: CategoryRepository initialiseret
maj 20, 2025 7:07:35 PM com.example.demo.data.util.LoggerUtility logEvent
INFO: [2025-05-20 19:07:35] EVENT: ListingRepository initialiseret
[2025-05-20 19:07:35] EVENT: ListingRepository initialiseret
maj 20, 2025 7:07:35 PM com.example.demo.data.util.LoggerUtility logEvent
INFO: [2025-05-20 19:07:35] EVENT: FavoriteRepository initialized
[2025-05-20 19:07:35] EVENT: FavoriteRepository initialized
maj 20, 2025 7:07:35 PM com.example.demo.data.util.LoggerUtility logEvent
INFO: [2025-05-20 19:07:35] EVENT: MessageRepository initialiseret
[2025-05-20 19:07:35] EVENT: MessageRepository initialiseret
maj 20, 2025 7:07:35 PM com.example.demo.data.util.LoggerUtility logEvent
INFO: [2025-05-20 19:07:35] EVENT: NotificationRepository initialized
[2025-05-20 19:07:35] EVENT: NotificationRepository initialized
maj 20, 2025 7:07:35 PM com.example.demo.data.util.LoggerUtility logEvent
INFO: [2025-05-20 19:07:35] EVENT: OfferRepository initialized
[2025-05-20 19:07:35] EVENT: OfferRepository initialized
maj 20, 2025 7:07:35 PM com.example.demo.data.util.LoggerUtility logEvent
INFO: [2025-05-20 19:07:35] EVENT: ReviewRepository initialized
[2025-05-20 19:07:35] EVENT: ReviewRepository initialized
maj 20, 2025 7:07:35 PM com.example.demo.data.util.LoggerUtility logEvent
INFO: [2025-05-20 19:07:35] EVENT: TransactionRepository initialized
[2025-05-20 19:07:35] EVENT: TransactionRepository initialized
maj 20, 2025 7:07:35 PM com.example.demo.data.util.LoggerUtility logEvent
INFO: [2025-05-20 19:07:35] EVENT: UserRepository initialiseret
[2025-05-20 19:07:35] EVENT: UserRepository initialiseret
maj 20, 2025 7:07:35 PM com.example.demo.data.util.LoggerUtility logEvent
INFO: [2025-05-20 19:07:35] EVENT: GetCategoriesUseCase initialized
[2025-05-20 19:07:35] EVENT: GetCategoriesUseCase initialized
maj 20, 2025 7:07:35 PM com.example.demo.data.util.LoggerUtility logEvent
INFO: [2025-05-20 19:07:35] EVENT: GetCategoryUseCase initialized
[2025-05-20 19:07:35] EVENT: GetCategoryUseCase initialized
maj 20, 2025 7:07:38 PM com.example.demo.data.util.LoggerUtility logError
SEVERE: [2025-05-20 19:07:38] ERROR: Unhandled exception: No static resource css/styles.css.
[2025-05-20 19:07:38] ERROR: Unhandled exception: No static resource css/styles.css.
maj 20, 2025 7:07:39 PM com.example.demo.data.util.LoggerUtility logError
SEVERE: [2025-05-20 19:07:39] ERROR: Unhandled exception: No static resource favicon.ico.
[2025-05-20 19:07:39] ERROR: Unhandled exception: No static resource favicon.ico.
maj 20, 2025 7:07:44 PM com.example.demo.data.util.LoggerUtility logError
SEVERE: [2025-05-20 19:07:44] ERROR: Unhandled exception: No static resource css/styles.css.
[2025-05-20 19:07:44] ERROR: Unhandled exception: No static resource css/styles.css.
maj 20, 2025 7:07:44 PM com.example.demo.data.util.LoggerUtility logError
SEVERE: [2025-05-20 19:07:44] ERROR: Unhandled exception: No static resource favicon.ico.
[2025-05-20 19:07:44] ERROR: Unhandled exception: No static resource favicon.ico.
maj 20, 2025 7:07:50 PM com.example.demo.data.util.LoggerUtility logError
SEVERE: [2025-05-20 19:07:50] ERROR: Unhandled exception: No static resource favicon.ico.
[2025-05-20 19:07:50] ERROR: Unhandled exception: No static resource favicon.ico.
maj 20, 2025 7:07:51 PM com.example.demo.data.util.LoggerUtility logError
SEVERE: [2025-05-20 19:07:51] ERROR: Unhandled exception: No static resource css/styles.css.
[2025-05-20 19:07:51] ERROR: Unhandled exception: No static resource css/styles.css.
maj 20, 2025 7:07:52 PM com.example.demo.data.util.LoggerUtility logError
SEVERE: [2025-05-20 19:07:52] ERROR: Unhandled exception: No static resource favicon.ico.
[2025-05-20 19:07:52] ERROR: Unhandled exception: No static resource favicon.ico.
maj 20, 2025 7:10:11 PM com.example.demo.data.util.LoggerUtility logEvent
INFO: [2025-05-20 19:10:11] EVENT: CategoryRepository initialiseret
[2025-05-20 19:10:11] EVENT: CategoryRepository initialiseret
maj 20, 2025 7:10:11 PM com.example.demo.data.util.LoggerUtility logEvent
INFO: [2025-05-20 19:10:11] EVENT: ListingRepository initialiseret
[2025-05-20 19:10:11] EVENT: ListingRepository initialiseret
maj 20, 2025 7:10:11 PM com.example.demo.data.util.LoggerUtility logEvent
INFO: [2025-05-20 19:10:11] EVENT: FavoriteRepository initialized
[2025-05-20 19:10:11] EVENT: FavoriteRepository initialized
maj 20, 2025 7:10:11 PM com.example.demo.data.util.LoggerUtility logEvent
INFO: [2025-05-20 19:10:11] EVENT: MessageRepository initialiseret
[2025-05-20 19:10:11] EVENT: MessageRepository initialiseret
maj 20, 2025 7:10:11 PM com.example.demo.data.util.LoggerUtility logEvent
INFO: [2025-05-20 19:10:11] EVENT: NotificationRepository initialized
[2025-05-20 19:10:11] EVENT: NotificationRepository initialized
maj 20, 2025 7:10:11 PM com.example.demo.data.util.LoggerUtility logEvent
INFO: [2025-05-20 19:10:11] EVENT: OfferRepository initialized
[2025-05-20 19:10:11] EVENT: OfferRepository initialized
maj 20, 2025 7:10:11 PM com.example.demo.data.util.LoggerUtility logEvent
INFO: [2025-05-20 19:10:11] EVENT: ReviewRepository initialized
[2025-05-20 19:10:11] EVENT: ReviewRepository initialized
maj 20, 2025 7:10:11 PM com.example.demo.data.util.LoggerUtility logEvent
INFO: [2025-05-20 19:10:11] EVENT: TransactionRepository initialized
[2025-05-20 19:10:11] EVENT: TransactionRepository initialized
maj 20, 2025 7:10:11 PM com.example.demo.data.util.LoggerUtility logEvent
INFO: [2025-05-20 19:10:11] EVENT: UserRepository initialiseret
[2025-05-20 19:10:11] EVENT: UserRepository initialiseret
maj 20, 2025 7:10:11 PM com.example.demo.data.util.LoggerUtility logEvent
INFO: [2025-05-20 19:10:11] EVENT: GetCategoriesUseCase initialized
[2025-05-20 19:10:11] EVENT: GetCategoriesUseCase initialized
maj 20, 2025 7:10:11 PM com.example.demo.data.util.LoggerUtility logEvent
INFO: [2025-05-20 19:10:11] EVENT: GetCategoryUseCase initialized
[2025-05-20 19:10:11] EVENT: GetCategoryUseCase initialized
maj 20, 2025 7:10:13 PM com.example.demo.data.util.LoggerUtility logError
SEVERE: [2025-05-20 19:10:13] ERROR: Unhandled exception: No static resource css/styles.css.
[2025-05-20 19:10:13] ERROR: Unhandled exception: No static resource css/styles.css.
maj 20, 2025 7:10:14 PM com.example.demo.data.util.LoggerUtility logError
SEVERE: [2025-05-20 19:10:14] ERROR: Unhandled exception: No static resource favicon.ico.
[2025-05-20 19:10:14] ERROR: Unhandled exception: No static resource favicon.ico.
maj 20, 2025 7:10:17 PM com.example.demo.data.util.LoggerUtility logError
SEVERE: [2025-05-20 19:10:17] ERROR: Unhandled exception: No static resource css/styles.css.
[2025-05-20 19:10:17] ERROR: Unhandled exception: No static resource css/styles.css.
maj 20, 2025 7:10:18 PM com.example.demo.data.util.LoggerUtility logError
SEVERE: [2025-05-20 19:10:18] ERROR: Unhandled exception: No static resource css/styles.css.
[2025-05-20 19:10:18] ERROR: Unhandled exception: No static resource css/styles.css.
maj 20, 2025 7:10:18 PM com.example.demo.data.util.LoggerUtility logError
SEVERE: [2025-05-20 19:10:18] ERROR: Unhandled exception: No static resource favicon.ico.
[2025-05-20 19:10:18] ERROR: Unhandled exception: No static resource favicon.ico.
maj 20, 2025 7:10:18 PM com.example.demo.data.util.LoggerUtility logError
SEVERE: [2025-05-20 19:10:18] ERROR: Unhandled exception: No static resource favicon.ico.
[2025-05-20 19:10:18] ERROR: Unhandled exception: No static resource favicon.ico.
maj 20, 2025 7:12:16 PM com.example.demo.data.util.LoggerUtility logEvent
INFO: [2025-05-20 19:12:16] EVENT: CategoryRepository initialiseret
[2025-05-20 19:12:16] EVENT: CategoryRepository initialiseret
maj 20, 2025 7:12:16 PM com.example.demo.data.util.LoggerUtility logEvent
INFO: [2025-05-20 19:12:16] EVENT: ListingRepository initialiseret
[2025-05-20 19:12:16] EVENT: ListingRepository initialiseret
maj 20, 2025 7:12:16 PM com.example.demo.data.util.LoggerUtility logEvent
INFO: [2025-05-20 19:12:16] EVENT: FavoriteRepository initialized
[2025-05-20 19:12:16] EVENT: FavoriteRepository initialized
maj 20, 2025 7:12:16 PM com.example.demo.data.util.LoggerUtility logEvent
INFO: [2025-05-20 19:12:16] EVENT: MessageRepository initialiseret
[2025-05-20 19:12:16] EVENT: MessageRepository initialiseret
maj 20, 2025 7:12:16 PM com.example.demo.data.util.LoggerUtility logEvent
INFO: [2025-05-20 19:12:16] EVENT: NotificationRepository initialized
[2025-05-20 19:12:16] EVENT: NotificationRepository initialized
maj 20, 2025 7:12:16 PM com.example.demo.data.util.LoggerUtility logEvent
INFO: [2025-05-20 19:12:16] EVENT: OfferRepository initialized
[2025-05-20 19:12:16] EVENT: OfferRepository initialized
maj 20, 2025 7:12:16 PM com.example.demo.data.util.LoggerUtility logEvent
INFO: [2025-05-20 19:12:16] EVENT: ReviewRepository initialized
[2025-05-20 19:12:16] EVENT: ReviewRepository initialized
maj 20, 2025 7:12:16 PM com.example.demo.data.util.LoggerUtility logEvent
INFO: [2025-05-20 19:12:16] EVENT: TransactionRepository initialized
[2025-05-20 19:12:16] EVENT: TransactionRepository initialized
maj 20, 2025 7:12:16 PM com.example.demo.data.util.LoggerUtility logEvent
INFO: [2025-05-20 19:12:16] EVENT: UserRepository initialiseret
[2025-05-20 19:12:16] EVENT: UserRepository initialiseret
maj 20, 2025 7:12:16 PM com.example.demo.data.util.LoggerUtility logEvent
INFO: [2025-05-20 19:12:16] EVENT: GetCategoriesUseCase initialized
[2025-05-20 19:12:16] EVENT: GetCategoriesUseCase initialized
maj 20, 2025 7:12:16 PM com.example.demo.data.util.LoggerUtility logEvent
INFO: [2025-05-20 19:12:16] EVENT: GetCategoryUseCase initialized
[2025-05-20 19:12:16] EVENT: GetCategoryUseCase initialized
maj 20, 2025 7:12:17 PM com.example.demo.data.util.LoggerUtility logError
SEVERE: [2025-05-20 19:12:17] ERROR: Unhandled exception: No static resource styles.css.
[2025-05-20 19:12:17] ERROR: Unhandled exception: No static resource styles.css.
maj 20, 2025 7:12:18 PM com.example.demo.data.util.LoggerUtility logError
SEVERE: [2025-05-20 19:12:18] ERROR: Unhandled exception: No static resource favicon.ico.
[2025-05-20 19:12:18] ERROR: Unhandled exception: No static resource favicon.ico.
maj 21, 2025 1:11:02 AM com.example.demo.data.util.LoggerUtility logEvent
INFO: [2025-05-21 01:11:02] EVENT: CategoryRepository initialiseret
[2025-05-21 01:11:02] EVENT: CategoryRepository initialiseret
maj 21, 2025 1:11:02 AM com.example.demo.data.util.LoggerUtility logEvent
INFO: [2025-05-21 01:11:02] EVENT: ListingRepository initialiseret
[2025-05-21 01:11:02] EVENT: ListingRepository initialiseret
maj 21, 2025 1:11:02 AM com.example.demo.data.util.LoggerUtility logEvent
INFO: [2025-05-21 01:11:02] EVENT: FavoriteRepository initialized
[2025-05-21 01:11:02] EVENT: FavoriteRepository initialized
maj 21, 2025 1:11:02 AM com.example.demo.data.util.LoggerUtility logEvent
INFO: [2025-05-21 01:11:02] EVENT: MessageRepository initialiseret
[2025-05-21 01:11:02] EVENT: MessageRepository initialiseret
maj 21, 2025 1:11:02 AM com.example.demo.data.util.LoggerUtility logEvent
INFO: [2025-05-21 01:11:02] EVENT: NotificationRepository initialized
[2025-05-21 01:11:02] EVENT: NotificationRepository initialized
maj 21, 2025 1:11:02 AM com.example.demo.data.util.LoggerUtility logEvent
INFO: [2025-05-21 01:11:02] EVENT: OfferRepository initialized
[2025-05-21 01:11:02] EVENT: OfferRepository initialized
maj 21, 2025 1:11:02 AM com.example.demo.data.util.LoggerUtility logEvent
INFO: [2025-05-21 01:11:02] EVENT: ReviewRepository initialized
[2025-05-21 01:11:02] EVENT: ReviewRepository initialized
maj 21, 2025 1:11:02 AM com.example.demo.data.util.LoggerUtility logEvent
INFO: [2025-05-21 01:11:02] EVENT: TransactionRepository initialized
[2025-05-21 01:11:02] EVENT: TransactionRepository initialized
maj 21, 2025 1:11:02 AM com.example.demo.data.util.LoggerUtility logEvent
INFO: [2025-05-21 01:11:02] EVENT: UserRepository initialiseret
[2025-05-21 01:11:02] EVENT: UserRepository initialiseret
maj 21, 2025 1:11:02 AM com.example.demo.data.util.LoggerUtility logEvent
INFO: [2025-05-21 01:11:02] EVENT: GetCategoriesUseCase initialized
[2025-05-21 01:11:02] EVENT: GetCategoriesUseCase initialized
maj 21, 2025 1:11:02 AM com.example.demo.data.util.LoggerUtility logEvent
INFO: [2025-05-21 01:11:02] EVENT: GetCategoryUseCase initialized
[2025-05-21 01:11:02] EVENT: GetCategoryUseCase initialized
maj 21, 2025 1:11:04 AM com.example.demo.data.util.LoggerUtility logError
SEVERE: [2025-05-21 01:11:04] ERROR: Unhandled exception: No static resource home.svg.
[2025-05-21 01:11:04] ERROR: Unhandled exception: No static resource home.svg.
maj 21, 2025 1:11:05 AM com.example.demo.data.util.LoggerUtility logError
SEVERE: [2025-05-21 01:11:05] ERROR: Unhandled exception: No static resource favicon.ico.
[2025-05-21 01:11:05] ERROR: Unhandled exception: No static resource favicon.ico.
maj 21, 2025 1:11:07 AM com.example.demo.data.util.LoggerUtility logError
SEVERE: [2025-05-21 01:11:07] ERROR: Unhandled exception: No static resource favicon.ico.
[2025-05-21 01:11:07] ERROR: Unhandled exception: No static resource favicon.ico.
maj 21, 2025 1:11:08 AM com.example.demo.data.util.LoggerUtility logError
SEVERE: [2025-05-21 01:11:08] ERROR: Unhandled exception: No static resource favicon.ico.
[2025-05-21 01:11:08] ERROR: Unhandled exception: No static resource favicon.ico.
maj 21, 2025 1:11:09 AM com.example.demo.data.util.LoggerUtility logError
SEVERE: [2025-05-21 01:11:09] ERROR: Unhandled exception: No static resource favicon.ico.
[2025-05-21 01:11:09] ERROR: Unhandled exception: No static resource favicon.ico.
maj 21, 2025 1:11:12 AM com.example.demo.data.util.LoggerUtility logError
SEVERE: [2025-05-21 01:11:12] ERROR: Unhandled exception: No static resource favicon.ico.
[2025-05-21 01:11:12] ERROR: Unhandled exception: No static resource favicon.ico.
maj 21, 2025 1:11:13 AM com.example.demo.data.util.LoggerUtility logError
SEVERE: [2025-05-21 01:11:13] ERROR: Unhandled exception: No static resource favicon.ico.
[2025-05-21 01:11:13] ERROR: Unhandled exception: No static resource favicon.ico.
maj 21, 2025 1:11:14 AM com.example.demo.data.util.LoggerUtility logError
SEVERE: [2025-05-21 01:11:14] ERROR: Unhandled exception: No static resource favicon.ico.
[2025-05-21 01:11:14] ERROR: Unhandled exception: No static resource favicon.ico.
maj 21, 2025 1:11:15 AM com.example.demo.data.util.LoggerUtility logError
SEVERE: [2025-05-21 01:11:15] ERROR: Unhandled exception: No static resource favicon.ico.
[2025-05-21 01:11:15] ERROR: Unhandled exception: No static resource favicon.ico.
maj 21, 2025 1:11:16 AM com.example.demo.data.util.LoggerUtility logError
SEVERE: [2025-05-21 01:11:16] ERROR: Unhandled exception: No static resource favicon.ico.
[2025-05-21 01:11:16] ERROR: Unhandled exception: No static resource favicon.ico.
maj 21, 2025 1:11:17 AM com.example.demo.data.util.LoggerUtility logError
SEVERE: [2025-05-21 01:11:17] ERROR: Unhandled exception: No static resource favicon.ico.
[2025-05-21 01:11:17] ERROR: Unhandled exception: No static resource favicon.ico.
maj 21, 2025 1:11:19 AM com.example.demo.data.util.LoggerUtility logError
SEVERE: [2025-05-21 01:11:19] ERROR: Unhandled exception: No static resource home.svg.
[2025-05-21 01:11:19] ERROR: Unhandled exception: No static resource home.svg.
maj 21, 2025 1:11:20 AM com.example.demo.data.util.LoggerUtility logError
SEVERE: [2025-05-21 01:11:20] ERROR: Unhandled exception: No static resource favicon.ico.
[2025-05-21 01:11:20] ERROR: Unhandled exception: No static resource favicon.ico.
maj 21, 2025 1:15:49 AM com.example.demo.data.util.LoggerUtility logEvent
INFO: [2025-05-21 01:15:49] EVENT: CategoryRepository initialiseret
[2025-05-21 01:15:49] EVENT: CategoryRepository initialiseret
maj 21, 2025 1:15:49 AM com.example.demo.data.util.LoggerUtility logEvent
INFO: [2025-05-21 01:15:49] EVENT: ListingRepository initialiseret
[2025-05-21 01:15:49] EVENT: ListingRepository initialiseret
maj 21, 2025 1:15:49 AM com.example.demo.data.util.LoggerUtility logEvent
INFO: [2025-05-21 01:15:49] EVENT: FavoriteRepository initialized
[2025-05-21 01:15:49] EVENT: FavoriteRepository initialized
maj 21, 2025 1:15:49 AM com.example.demo.data.util.LoggerUtility logEvent
INFO: [2025-05-21 01:15:49] EVENT: MessageRepository initialiseret
[2025-05-21 01:15:49] EVENT: MessageRepository initialiseret
maj 21, 2025 1:15:49 AM com.example.demo.data.util.LoggerUtility logEvent
INFO: [2025-05-21 01:15:49] EVENT: NotificationRepository initialized
[2025-05-21 01:15:49] EVENT: NotificationRepository initialized
maj 21, 2025 1:15:49 AM com.example.demo.data.util.LoggerUtility logEvent
INFO: [2025-05-21 01:15:49] EVENT: OfferRepository initialized
[2025-05-21 01:15:49] EVENT: OfferRepository initialized
maj 21, 2025 1:15:49 AM com.example.demo.data.util.LoggerUtility logEvent
INFO: [2025-05-21 01:15:49] EVENT: ReviewRepository initialized
[2025-05-21 01:15:49] EVENT: ReviewRepository initialized
maj 21, 2025 1:15:49 AM com.example.demo.data.util.LoggerUtility logEvent
INFO: [2025-05-21 01:15:49] EVENT: TransactionRepository initialized
[2025-05-21 01:15:49] EVENT: TransactionRepository initialized
maj 21, 2025 1:15:49 AM com.example.demo.data.util.LoggerUtility logEvent
INFO: [2025-05-21 01:15:49] EVENT: UserRepository initialiseret
[2025-05-21 01:15:49] EVENT: UserRepository initialiseret
maj 21, 2025 1:15:49 AM com.example.demo.data.util.LoggerUtility logEvent
INFO: [2025-05-21 01:15:49] EVENT: GetCategoriesUseCase initialized
[2025-05-21 01:15:49] EVENT: GetCategoriesUseCase initialized
maj 21, 2025 1:15:49 AM com.example.demo.data.util.LoggerUtility logEvent
INFO: [2025-05-21 01:15:49] EVENT: GetCategoryUseCase initialized
[2025-05-21 01:15:49] EVENT: GetCategoryUseCase initialized
maj 21, 2025 1:15:50 AM com.example.demo.data.util.LoggerUtility logError
SEVERE: [2025-05-21 01:15:50] ERROR: Unhandled exception: No static resource home.svg.
[2025-05-21 01:15:50] ERROR: Unhandled exception: No static resource home.svg.
maj 21, 2025 1:15:51 AM com.example.demo.data.util.LoggerUtility logError
SEVERE: [2025-05-21 01:15:51] ERROR: Unhandled exception: No static resource favicon.ico.
[2025-05-21 01:15:51] ERROR: Unhandled exception: No static resource favicon.ico.
maj 21, 2025 1:15:52 AM com.example.demo.data.util.LoggerUtility logError
SEVERE: [2025-05-21 01:15:52] ERROR: Unhandled exception: No static resource home.svg.
[2025-05-21 01:15:52] ERROR: Unhandled exception: No static resource home.svg.
maj 21, 2025 1:15:52 AM com.example.demo.data.util.LoggerUtility logError
SEVERE: [2025-05-21 01:15:52] ERROR: Unhandled exception: No static resource favicon.ico.
[2025-05-21 01:15:52] ERROR: Unhandled exception: No static resource favicon.ico.
maj 21, 2025 1:15:55 AM com.example.demo.data.util.LoggerUtility logError
SEVERE: [2025-05-21 01:15:55] ERROR: Unhandled exception: No static resource favicon.ico.
[2025-05-21 01:15:55] ERROR: Unhandled exception: No static resource favicon.ico.
maj 21, 2025 1:15:56 AM com.example.demo.data.util.LoggerUtility logError
SEVERE: [2025-05-21 01:15:56] ERROR: Unhandled exception: No static resource favicon.ico.
[2025-05-21 01:15:56] ERROR: Unhandled exception: No static resource favicon.ico.
maj 21, 2025 1:15:59 AM com.example.demo.data.util.LoggerUtility logError
SEVERE: [2025-05-21 01:15:59] ERROR: Unhandled exception: No static resource favicon.ico.
[2025-05-21 01:15:59] ERROR: Unhandled exception: No static resource favicon.ico.
maj 21, 2025 1:27:21 AM com.example.demo.data.util.LoggerUtility logEvent
INFO: [2025-05-21 01:27:21] EVENT: CategoryRepository initialiseret
[2025-05-21 01:27:21] EVENT: CategoryRepository initialiseret
maj 21, 2025 1:27:21 AM com.example.demo.data.util.LoggerUtility logEvent
INFO: [2025-05-21 01:27:21] EVENT: ListingRepository initialiseret
[2025-05-21 01:27:21] EVENT: ListingRepository initialiseret
maj 21, 2025 1:27:21 AM com.example.demo.data.util.LoggerUtility logEvent
INFO: [2025-05-21 01:27:21] EVENT: FavoriteRepository initialized
[2025-05-21 01:27:21] EVENT: FavoriteRepository initialized
maj 21, 2025 1:27:21 AM com.example.demo.data.util.LoggerUtility logEvent
INFO: [2025-05-21 01:27:21] EVENT: MessageRepository initialiseret
[2025-05-21 01:27:21] EVENT: MessageRepository initialiseret
maj 21, 2025 1:27:21 AM com.example.demo.data.util.LoggerUtility logEvent
INFO: [2025-05-21 01:27:21] EVENT: NotificationRepository initialized
[2025-05-21 01:27:21] EVENT: NotificationRepository initialized
maj 21, 2025 1:27:21 AM com.example.demo.data.util.LoggerUtility logEvent
INFO: [2025-05-21 01:27:21] EVENT: OfferRepository initialized
[2025-05-21 01:27:21] EVENT: OfferRepository initialized
maj 21, 2025 1:27:21 AM com.example.demo.data.util.LoggerUtility logEvent
INFO: [2025-05-21 01:27:21] EVENT: ReviewRepository initialized
[2025-05-21 01:27:21] EVENT: ReviewRepository initialized
maj 21, 2025 1:27:21 AM com.example.demo.data.util.LoggerUtility logEvent
INFO: [2025-05-21 01:27:21] EVENT: TransactionRepository initialized
[2025-05-21 01:27:21] EVENT: TransactionRepository initialized
maj 21, 2025 1:27:21 AM com.example.demo.data.util.LoggerUtility logEvent
INFO: [2025-05-21 01:27:21] EVENT: UserRepository initialiseret
[2025-05-21 01:27:21] EVENT: UserRepository initialiseret
maj 21, 2025 1:27:21 AM com.example.demo.data.util.LoggerUtility logEvent
INFO: [2025-05-21 01:27:21] EVENT: GetCategoriesUseCase initialized
[2025-05-21 01:27:21] EVENT: GetCategoriesUseCase initialized
maj 21, 2025 1:27:21 AM com.example.demo.data.util.LoggerUtility logEvent
INFO: [2025-05-21 01:27:21] EVENT: GetCategoryUseCase initialized
[2025-05-21 01:27:21] EVENT: GetCategoryUseCase initialized
maj 21, 2025 1:28:26 AM com.example.demo.data.util.LoggerUtility logEvent
INFO: [2025-05-21 01:28:26] EVENT: CategoryRepository initialiseret
[2025-05-21 01:28:26] EVENT: CategoryRepository initialiseret
maj 21, 2025 1:28:26 AM com.example.demo.data.util.LoggerUtility logEvent
INFO: [2025-05-21 01:28:26] EVENT: ListingRepository initialiseret
[2025-05-21 01:28:26] EVENT: ListingRepository initialiseret
maj 21, 2025 1:28:26 AM com.example.demo.data.util.LoggerUtility logEvent
INFO: [2025-05-21 01:28:26] EVENT: FavoriteRepository initialized
[2025-05-21 01:28:26] EVENT: FavoriteRepository initialized
maj 21, 2025 1:28:26 AM com.example.demo.data.util.LoggerUtility logEvent
INFO: [2025-05-21 01:28:26] EVENT: MessageRepository initialiseret
[2025-05-21 01:28:26] EVENT: MessageRepository initialiseret
maj 21, 2025 1:28:26 AM com.example.demo.data.util.LoggerUtility logEvent
INFO: [2025-05-21 01:28:26] EVENT: NotificationRepository initialized
[2025-05-21 01:28:26] EVENT: NotificationRepository initialized
maj 21, 2025 1:28:26 AM com.example.demo.data.util.LoggerUtility logEvent
INFO: [2025-05-21 01:28:26] EVENT: OfferRepository initialized
[2025-05-21 01:28:26] EVENT: OfferRepository initialized
maj 21, 2025 1:28:26 AM com.example.demo.data.util.LoggerUtility logEvent
INFO: [2025-05-21 01:28:26] EVENT: ReviewRepository initialized
[2025-05-21 01:28:26] EVENT: ReviewRepository initialized
maj 21, 2025 1:28:26 AM com.example.demo.data.util.LoggerUtility logEvent
INFO: [2025-05-21 01:28:26] EVENT: TransactionRepository initialized
[2025-05-21 01:28:26] EVENT: TransactionRepository initialized
maj 21, 2025 1:28:26 AM com.example.demo.data.util.LoggerUtility logEvent
INFO: [2025-05-21 01:28:26] EVENT: UserRepository initialiseret
[2025-05-21 01:28:26] EVENT: UserRepository initialiseret
maj 21, 2025 1:28:26 AM com.example.demo.data.util.LoggerUtility logEvent
INFO: [2025-05-21 01:28:26] EVENT: GetCategoriesUseCase initialized
[2025-05-21 01:28:26] EVENT: GetCategoriesUseCase initialized
maj 21, 2025 1:28:26 AM com.example.demo.data.util.LoggerUtility logEvent
INFO: [2025-05-21 01:28:26] EVENT: GetCategoryUseCase initialized
[2025-05-21 01:28:26] EVENT: GetCategoryUseCase initialized
maj 21, 2025 1:28:29 AM com.example.demo.data.util.LoggerUtility logError
SEVERE: [2025-05-21 01:28:29] ERROR: Unhandled exception: No static resource home.svg.
[2025-05-21 01:28:29] ERROR: Unhandled exception: No static resource home.svg.
maj 21, 2025 1:28:30 AM com.example.demo.data.util.LoggerUtility logError
SEVERE: [2025-05-21 01:28:30] ERROR: Unhandled exception: No static resource favicon.ico.
[2025-05-21 01:28:30] ERROR: Unhandled exception: No static resource favicon.ico.
maj 21, 2025 1:28:37 AM com.example.demo.data.util.LoggerUtility logError
SEVERE: [2025-05-21 01:28:37] ERROR: Unhandled exception: No static resource favicon.ico.
[2025-05-21 01:28:37] ERROR: Unhandled exception: No static resource favicon.ico.
maj 21, 2025 1:28:38 AM com.example.demo.data.util.LoggerUtility logError
SEVERE: [2025-05-21 01:28:38] ERROR: Unhandled exception: No static resource favicon.ico.
[2025-05-21 01:28:38] ERROR: Unhandled exception: No static resource favicon.ico.
maj 21, 2025 1:28:40 AM com.example.demo.data.util.LoggerUtility logError
SEVERE: [2025-05-21 01:28:40] ERROR: Unhandled exception: No static resource favicon.ico.
[2025-05-21 01:28:40] ERROR: Unhandled exception: No static resource favicon.ico.
maj 21, 2025 1:28:48 AM com.example.demo.data.util.LoggerUtility logEvent
INFO: [2025-05-21 01:28:48] EVENT: Search performed with params - keyword: null, minPrice: null, maxPrice: null, condition: null, brand: null
[2025-05-21 01:28:48] EVENT: Search performed with params - keyword: null, minPrice: null, maxPrice: null, condition: null, brand: null
maj 21, 2025 1:28:48 AM com.example.demo.data.util.LoggerUtility logError
SEVERE: [2025-05-21 01:28:48] ERROR: Unhandled exception: No static resource home.svg.
[2025-05-21 01:28:48] ERROR: Unhandled exception: No static resource home.svg.
maj 21, 2025 1:28:48 AM com.example.demo.data.util.LoggerUtility logError
SEVERE: [2025-05-21 01:28:48] ERROR: Unhandled exception: No static resource favicon.ico.
[2025-05-21 01:28:48] ERROR: Unhandled exception: No static resource favicon.ico.
maj 21, 2025 1:28:52 AM com.example.demo.data.util.LoggerUtility logEvent
INFO: [2025-05-21 01:28:52] EVENT: Search performed with params - keyword: null, minPrice: null, maxPrice: null, condition: null, brand: null
[2025-05-21 01:28:52] EVENT: Search performed with params - keyword: null, minPrice: null, maxPrice: null, condition: null, brand: null
maj 21, 2025 1:28:52 AM com.example.demo.data.util.LoggerUtility logError
SEVERE: [2025-05-21 01:28:52] ERROR: Unhandled exception: No static resource home.svg.
[2025-05-21 01:28:52] ERROR: Unhandled exception: No static resource home.svg.
maj 21, 2025 1:28:53 AM com.example.demo.data.util.LoggerUtility logError
SEVERE: [2025-05-21 01:28:53] ERROR: Unhandled exception: No static resource favicon.ico.
[2025-05-21 01:28:53] ERROR: Unhandled exception: No static resource favicon.ico.
maj 21, 2025 1:28:55 AM com.example.demo.data.util.LoggerUtility logEvent
INFO: [2025-05-21 01:28:55] EVENT: Search performed with params - keyword: null, minPrice: null, maxPrice: null, condition: null, brand: gucci
[2025-05-21 01:28:55] EVENT: Search performed with params - keyword: null, minPrice: null, maxPrice: null, condition: null, brand: gucci
maj 21, 2025 1:28:55 AM com.example.demo.data.util.LoggerUtility logError
SEVERE: [2025-05-21 01:28:55] ERROR: Unhandled exception: No static resource home.svg.
[2025-05-21 01:28:55] ERROR: Unhandled exception: No static resource home.svg.
maj 21, 2025 1:28:55 AM com.example.demo.data.util.LoggerUtility logError
SEVERE: [2025-05-21 01:28:55] ERROR: Unhandled exception: No static resource favicon.ico.
[2025-05-21 01:28:55] ERROR: Unhandled exception: No static resource favicon.ico.
maj 21, 2025 1:32:27 AM com.example.demo.data.util.LoggerUtility logEvent
INFO: [2025-05-21 01:32:27] EVENT: CategoryRepository initialiseret
[2025-05-21 01:32:27] EVENT: CategoryRepository initialiseret
maj 21, 2025 1:32:27 AM com.example.demo.data.util.LoggerUtility logEvent
INFO: [2025-05-21 01:32:27] EVENT: ListingRepository initialiseret
[2025-05-21 01:32:27] EVENT: ListingRepository initialiseret
maj 21, 2025 1:32:27 AM com.example.demo.data.util.LoggerUtility logEvent
INFO: [2025-05-21 01:32:27] EVENT: FavoriteRepository initialized
[2025-05-21 01:32:27] EVENT: FavoriteRepository initialized
maj 21, 2025 1:32:27 AM com.example.demo.data.util.LoggerUtility logEvent
INFO: [2025-05-21 01:32:27] EVENT: MessageRepository initialiseret
[2025-05-21 01:32:27] EVENT: MessageRepository initialiseret
maj 21, 2025 1:32:27 AM com.example.demo.data.util.LoggerUtility logEvent
INFO: [2025-05-21 01:32:27] EVENT: NotificationRepository initialized
[2025-05-21 01:32:27] EVENT: NotificationRepository initialized
maj 21, 2025 1:32:27 AM com.example.demo.data.util.LoggerUtility logEvent
INFO: [2025-05-21 01:32:27] EVENT: OfferRepository initialized
[2025-05-21 01:32:27] EVENT: OfferRepository initialized
maj 21, 2025 1:32:27 AM com.example.demo.data.util.LoggerUtility logEvent
INFO: [2025-05-21 01:32:27] EVENT: ReviewRepository initialized
[2025-05-21 01:32:27] EVENT: ReviewRepository initialized
maj 21, 2025 1:32:27 AM com.example.demo.data.util.LoggerUtility logEvent
INFO: [2025-05-21 01:32:27] EVENT: TransactionRepository initialized
[2025-05-21 01:32:27] EVENT: TransactionRepository initialized
maj 21, 2025 1:32:27 AM com.example.demo.data.util.LoggerUtility logEvent
INFO: [2025-05-21 01:32:27] EVENT: UserRepository initialiseret
[2025-05-21 01:32:27] EVENT: UserRepository initialiseret
maj 21, 2025 1:32:27 AM com.example.demo.data.util.LoggerUtility logEvent
INFO: [2025-05-21 01:32:27] EVENT: GetCategoriesUseCase initialized
[2025-05-21 01:32:27] EVENT: GetCategoriesUseCase initialized
maj 21, 2025 1:32:27 AM com.example.demo.data.util.LoggerUtility logEvent
INFO: [2025-05-21 01:32:27] EVENT: GetCategoryUseCase initialized
[2025-05-21 01:32:27] EVENT: GetCategoryUseCase initialized
maj 21, 2025 1:33:07 AM com.example.demo.data.util.LoggerUtility logEvent
INFO: [2025-05-21 01:33:07] EVENT: CategoryRepository initialiseret
[2025-05-21 01:33:07] EVENT: CategoryRepository initialiseret
maj 21, 2025 1:33:07 AM com.example.demo.data.util.LoggerUtility logEvent
INFO: [2025-05-21 01:33:07] EVENT: ListingRepository initialiseret
[2025-05-21 01:33:07] EVENT: ListingRepository initialiseret
maj 21, 2025 1:33:07 AM com.example.demo.data.util.LoggerUtility logEvent
INFO: [2025-05-21 01:33:07] EVENT: FavoriteRepository initialized
[2025-05-21 01:33:07] EVENT: FavoriteRepository initialized
maj 21, 2025 1:33:07 AM com.example.demo.data.util.LoggerUtility logEvent
INFO: [2025-05-21 01:33:07] EVENT: MessageRepository initialiseret
[2025-05-21 01:33:07] EVENT: MessageRepository initialiseret
maj 21, 2025 1:33:07 AM com.example.demo.data.util.LoggerUtility logEvent
INFO: [2025-05-21 01:33:07] EVENT: NotificationRepository initialized
[2025-05-21 01:33:07] EVENT: NotificationRepository initialized
maj 21, 2025 1:33:07 AM com.example.demo.data.util.LoggerUtility logEvent
INFO: [2025-05-21 01:33:07] EVENT: OfferRepository initialized
[2025-05-21 01:33:07] EVENT: OfferRepository initialized
maj 21, 2025 1:33:07 AM com.example.demo.data.util.LoggerUtility logEvent
INFO: [2025-05-21 01:33:07] EVENT: ReviewRepository initialized
[2025-05-21 01:33:07] EVENT: ReviewRepository initialized
maj 21, 2025 1:33:07 AM com.example.demo.data.util.LoggerUtility logEvent
INFO: [2025-05-21 01:33:07] EVENT: TransactionRepository initialized
[2025-05-21 01:33:07] EVENT: TransactionRepository initialized
maj 21, 2025 1:33:07 AM com.example.demo.data.util.LoggerUtility logEvent
INFO: [2025-05-21 01:33:07] EVENT: UserRepository initialiseret
[2025-05-21 01:33:07] EVENT: UserRepository initialiseret
maj 21, 2025 1:33:07 AM com.example.demo.data.util.LoggerUtility logEvent
INFO: [2025-05-21 01:33:07] EVENT: GetCategoriesUseCase initialized
[2025-05-21 01:33:07] EVENT: GetCategoriesUseCase initialized
maj 21, 2025 1:33:07 AM com.example.demo.data.util.LoggerUtility logEvent
INFO: [2025-05-21 01:33:07] EVENT: GetCategoryUseCase initialized
[2025-05-21 01:33:07] EVENT: GetCategoryUseCase initialized
maj 21, 2025 1:33:10 AM com.example.demo.data.util.LoggerUtility logError
SEVERE: [2025-05-21 01:33:10] ERROR: Unhandled exception: No static resource home.svg.
[2025-05-21 01:33:10] ERROR: Unhandled exception: No static resource home.svg.
maj 21, 2025 1:33:11 AM com.example.demo.data.util.LoggerUtility logError
SEVERE: [2025-05-21 01:33:11] ERROR: Unhandled exception: No static resource favicon.ico.
[2025-05-21 01:33:11] ERROR: Unhandled exception: No static resource favicon.ico.
maj 21, 2025 1:33:13 AM com.example.demo.data.util.LoggerUtility logError
SEVERE: [2025-05-21 01:33:13] ERROR: Unhandled exception: No static resource favicon.ico.
[2025-05-21 01:33:13] ERROR: Unhandled exception: No static resource favicon.ico.
maj 21, 2025 1:33:15 AM com.example.demo.data.util.LoggerUtility logError
SEVERE: [2025-05-21 01:33:15] ERROR: Unhandled exception: No static resource favicon.ico.
[2025-05-21 01:33:15] ERROR: Unhandled exception: No static resource favicon.ico.
maj 21, 2025 1:33:15 AM com.example.demo.data.util.LoggerUtility logEvent
INFO: [2025-05-21 01:33:15] EVENT: Search performed with params - keyword: null, minPrice: null, maxPrice: null, condition: null, brand: null
[2025-05-21 01:33:15] EVENT: Search performed with params - keyword: null, minPrice: null, maxPrice: null, condition: null, brand: null
maj 21, 2025 1:33:16 AM com.example.demo.data.util.LoggerUtility logError
SEVERE: [2025-05-21 01:33:16] ERROR: Unhandled exception: No static resource home.svg.
[2025-05-21 01:33:16] ERROR: Unhandled exception: No static resource home.svg.
maj 21, 2025 1:33:16 AM com.example.demo.data.util.LoggerUtility logError
SEVERE: [2025-05-21 01:33:16] ERROR: Unhandled exception: No static resource favicon.ico.
[2025-05-21 01:33:16] ERROR: Unhandled exception: No static resource favicon.ico.
maj 21, 2025 1:33:18 AM com.example.demo.data.util.LoggerUtility logEvent
INFO: [2025-05-21 01:33:18] EVENT: Search performed with params - keyword: , minPrice: null, maxPrice: null, condition: , brand: 
[2025-05-21 01:33:18] EVENT: Search performed with params - keyword: , minPrice: null, maxPrice: null, condition: , brand: 
maj 21, 2025 1:33:18 AM com.example.demo.data.util.LoggerUtility logError
SEVERE: [2025-05-21 01:33:18] ERROR: Unhandled exception: No static resource home.svg.
[2025-05-21 01:33:18] ERROR: Unhandled exception: No static resource home.svg.
maj 21, 2025 1:33:19 AM com.example.demo.data.util.LoggerUtility logError
SEVERE: [2025-05-21 01:33:19] ERROR: Unhandled exception: No static resource favicon.ico.
[2025-05-21 01:33:19] ERROR: Unhandled exception: No static resource favicon.ico.
maj 21, 2025 1:33:22 AM com.example.demo.data.util.LoggerUtility logEvent
INFO: [2025-05-21 01:33:22] EVENT: Search performed with params - keyword: , minPrice: null, maxPrice: null, condition: , brand: 
[2025-05-21 01:33:22] EVENT: Search performed with params - keyword: , minPrice: null, maxPrice: null, condition: , brand: 
maj 21, 2025 1:33:22 AM com.example.demo.data.util.LoggerUtility logError
SEVERE: [2025-05-21 01:33:22] ERROR: Unhandled exception: No static resource home.svg.
[2025-05-21 01:33:22] ERROR: Unhandled exception: No static resource home.svg.
maj 21, 2025 1:33:22 AM com.example.demo.data.util.LoggerUtility logError
SEVERE: [2025-05-21 01:33:22] ERROR: Unhandled exception: No static resource favicon.ico.
[2025-05-21 01:33:22] ERROR: Unhandled exception: No static resource favicon.ico.
maj 21, 2025 1:36:09 AM com.example.demo.data.util.LoggerUtility logEvent
INFO: [2025-05-21 01:36:09] EVENT: CategoryRepository initialiseret
[2025-05-21 01:36:09] EVENT: CategoryRepository initialiseret
maj 21, 2025 1:36:09 AM com.example.demo.data.util.LoggerUtility logEvent
INFO: [2025-05-21 01:36:09] EVENT: ListingRepository initialiseret
[2025-05-21 01:36:09] EVENT: ListingRepository initialiseret
maj 21, 2025 1:36:09 AM com.example.demo.data.util.LoggerUtility logEvent
INFO: [2025-05-21 01:36:09] EVENT: FavoriteRepository initialized
[2025-05-21 01:36:09] EVENT: FavoriteRepository initialized
maj 21, 2025 1:36:09 AM com.example.demo.data.util.LoggerUtility logEvent
INFO: [2025-05-21 01:36:09] EVENT: MessageRepository initialiseret
[2025-05-21 01:36:09] EVENT: MessageRepository initialiseret
maj 21, 2025 1:36:09 AM com.example.demo.data.util.LoggerUtility logEvent
INFO: [2025-05-21 01:36:09] EVENT: NotificationRepository initialized
[2025-05-21 01:36:09] EVENT: NotificationRepository initialized
maj 21, 2025 1:36:09 AM com.example.demo.data.util.LoggerUtility logEvent
INFO: [2025-05-21 01:36:09] EVENT: OfferRepository initialized
[2025-05-21 01:36:09] EVENT: OfferRepository initialized
maj 21, 2025 1:36:09 AM com.example.demo.data.util.LoggerUtility logEvent
INFO: [2025-05-21 01:36:09] EVENT: ReviewRepository initialized
[2025-05-21 01:36:09] EVENT: ReviewRepository initialized
maj 21, 2025 1:36:09 AM com.example.demo.data.util.LoggerUtility logEvent
INFO: [2025-05-21 01:36:09] EVENT: TransactionRepository initialized
[2025-05-21 01:36:09] EVENT: TransactionRepository initialized
maj 21, 2025 1:36:09 AM com.example.demo.data.util.LoggerUtility logEvent
INFO: [2025-05-21 01:36:09] EVENT: UserRepository initialiseret
[2025-05-21 01:36:09] EVENT: UserRepository initialiseret
maj 21, 2025 1:36:09 AM com.example.demo.data.util.LoggerUtility logEvent
INFO: [2025-05-21 01:36:09] EVENT: GetCategoriesUseCase initialized
[2025-05-21 01:36:09] EVENT: GetCategoriesUseCase initialized
maj 21, 2025 1:36:09 AM com.example.demo.data.util.LoggerUtility logEvent
INFO: [2025-05-21 01:36:09] EVENT: GetCategoryUseCase initialized
[2025-05-21 01:36:09] EVENT: GetCategoryUseCase initialized
maj 21, 2025 1:36:11 AM com.example.demo.data.util.LoggerUtility logError
SEVERE: [2025-05-21 01:36:11] ERROR: Unhandled exception: No static resource home.svg.
[2025-05-21 01:36:11] ERROR: Unhandled exception: No static resource home.svg.
maj 21, 2025 1:36:11 AM com.example.demo.data.util.LoggerUtility logError
SEVERE: [2025-05-21 01:36:11] ERROR: Unhandled exception: No static resource favicon.ico.
[2025-05-21 01:36:11] ERROR: Unhandled exception: No static resource favicon.ico.
maj 21, 2025 1:36:12 AM com.example.demo.data.util.LoggerUtility logEvent
INFO: [2025-05-21 01:36:12] EVENT: Search performed with params - keyword: null, minPrice: null, maxPrice: null, condition: null, brand: null
[2025-05-21 01:36:12] EVENT: Search performed with params - keyword: null, minPrice: null, maxPrice: null, condition: null, brand: null
maj 21, 2025 1:36:12 AM com.example.demo.data.util.LoggerUtility logError
SEVERE: [2025-05-21 01:36:12] ERROR: Unhandled exception: No static resource home.svg.
[2025-05-21 01:36:12] ERROR: Unhandled exception: No static resource home.svg.
maj 21, 2025 1:36:13 AM com.example.demo.data.util.LoggerUtility logError
SEVERE: [2025-05-21 01:36:13] ERROR: Unhandled exception: No static resource favicon.ico.
[2025-05-21 01:36:13] ERROR: Unhandled exception: No static resource favicon.ico.
maj 21, 2025 1:38:32 AM com.example.demo.data.util.LoggerUtility logEvent
INFO: [2025-05-21 01:38:32] EVENT: CategoryRepository initialiseret
[2025-05-21 01:38:32] EVENT: CategoryRepository initialiseret
maj 21, 2025 1:38:32 AM com.example.demo.data.util.LoggerUtility logEvent
INFO: [2025-05-21 01:38:32] EVENT: ListingRepository initialiseret
[2025-05-21 01:38:32] EVENT: ListingRepository initialiseret
maj 21, 2025 1:38:32 AM com.example.demo.data.util.LoggerUtility logEvent
INFO: [2025-05-21 01:38:32] EVENT: FavoriteRepository initialized
[2025-05-21 01:38:32] EVENT: FavoriteRepository initialized
maj 21, 2025 1:38:32 AM com.example.demo.data.util.LoggerUtility logEvent
INFO: [2025-05-21 01:38:32] EVENT: MessageRepository initialiseret
[2025-05-21 01:38:32] EVENT: MessageRepository initialiseret
maj 21, 2025 1:38:32 AM com.example.demo.data.util.LoggerUtility logEvent
INFO: [2025-05-21 01:38:32] EVENT: NotificationRepository initialized
[2025-05-21 01:38:32] EVENT: NotificationRepository initialized
maj 21, 2025 1:38:32 AM com.example.demo.data.util.LoggerUtility logEvent
INFO: [2025-05-21 01:38:32] EVENT: OfferRepository initialized
[2025-05-21 01:38:32] EVENT: OfferRepository initialized
maj 21, 2025 1:38:32 AM com.example.demo.data.util.LoggerUtility logEvent
INFO: [2025-05-21 01:38:32] EVENT: ReviewRepository initialized
[2025-05-21 01:38:32] EVENT: ReviewRepository initialized
maj 21, 2025 1:38:32 AM com.example.demo.data.util.LoggerUtility logEvent
INFO: [2025-05-21 01:38:32] EVENT: TransactionRepository initialized
[2025-05-21 01:38:32] EVENT: TransactionRepository initialized
maj 21, 2025 1:38:32 AM com.example.demo.data.util.LoggerUtility logEvent
INFO: [2025-05-21 01:38:32] EVENT: UserRepository initialiseret
[2025-05-21 01:38:32] EVENT: UserRepository initialiseret
maj 21, 2025 1:38:32 AM com.example.demo.data.util.LoggerUtility logEvent
INFO: [2025-05-21 01:38:32] EVENT: GetCategoriesUseCase initialized
[2025-05-21 01:38:32] EVENT: GetCategoriesUseCase initialized
maj 21, 2025 1:38:32 AM com.example.demo.data.util.LoggerUtility logEvent
INFO: [2025-05-21 01:38:32] EVENT: GetCategoryUseCase initialized
[2025-05-21 01:38:32] EVENT: GetCategoryUseCase initialized
maj 21, 2025 1:38:33 AM com.example.demo.data.util.LoggerUtility logError
SEVERE: [2025-05-21 01:38:33] ERROR: Unhandled exception: No static resource home.svg.
[2025-05-21 01:38:33] ERROR: Unhandled exception: No static resource home.svg.
maj 21, 2025 1:38:34 AM com.example.demo.data.util.LoggerUtility logError
SEVERE: [2025-05-21 01:38:34] ERROR: Unhandled exception: No static resource favicon.ico.
[2025-05-21 01:38:34] ERROR: Unhandled exception: No static resource favicon.ico.
maj 21, 2025 1:38:36 AM com.example.demo.data.util.LoggerUtility logEvent
INFO: [2025-05-21 01:38:36] EVENT: Search performed with params - keyword: null, minPrice: null, maxPrice: null, condition: null, brand: null
[2025-05-21 01:38:36] EVENT: Search performed with params - keyword: null, minPrice: null, maxPrice: null, condition: null, brand: null
maj 21, 2025 1:38:36 AM com.example.demo.data.util.LoggerUtility logError
SEVERE: [2025-05-21 01:38:36] ERROR: Unhandled exception: No static resource home.svg.
[2025-05-21 01:38:36] ERROR: Unhandled exception: No static resource home.svg.
maj 21, 2025 1:38:36 AM com.example.demo.data.util.LoggerUtility logError
SEVERE: [2025-05-21 01:38:36] ERROR: Unhandled exception: No static resource favicon.ico.
[2025-05-21 01:38:36] ERROR: Unhandled exception: No static resource favicon.ico.
maj 21, 2025 1:39:09 AM com.example.demo.data.util.LoggerUtility logError
SEVERE: [2025-05-21 01:39:09] ERROR: Unhandled exception: No static resource home.svg.
[2025-05-21 01:39:09] ERROR: Unhandled exception: No static resource home.svg.
maj 21, 2025 1:39:09 AM com.example.demo.data.util.LoggerUtility logError
SEVERE: [2025-05-21 01:39:09] ERROR: Unhandled exception: No static resource favicon.ico.
[2025-05-21 01:39:09] ERROR: Unhandled exception: No static resource favicon.ico.
maj 21, 2025 1:39:13 AM com.example.demo.data.util.LoggerUtility logError
SEVERE: [2025-05-21 01:39:13] ERROR: Unhandled exception: No static resource favicon.ico.
[2025-05-21 01:39:13] ERROR: Unhandled exception: No static resource favicon.ico.
maj 21, 2025 1:40:27 AM com.example.demo.data.util.LoggerUtility logEvent
INFO: [2025-05-21 01:40:27] EVENT: CategoryRepository initialiseret
[2025-05-21 01:40:27] EVENT: CategoryRepository initialiseret
maj 21, 2025 1:40:27 AM com.example.demo.data.util.LoggerUtility logEvent
INFO: [2025-05-21 01:40:27] EVENT: ListingRepository initialiseret
[2025-05-21 01:40:27] EVENT: ListingRepository initialiseret
maj 21, 2025 1:40:27 AM com.example.demo.data.util.LoggerUtility logEvent
INFO: [2025-05-21 01:40:27] EVENT: FavoriteRepository initialized
[2025-05-21 01:40:27] EVENT: FavoriteRepository initialized
maj 21, 2025 1:40:27 AM com.example.demo.data.util.LoggerUtility logEvent
INFO: [2025-05-21 01:40:27] EVENT: MessageRepository initialiseret
[2025-05-21 01:40:27] EVENT: MessageRepository initialiseret
maj 21, 2025 1:40:27 AM com.example.demo.data.util.LoggerUtility logEvent
INFO: [2025-05-21 01:40:27] EVENT: NotificationRepository initialized
[2025-05-21 01:40:27] EVENT: NotificationRepository initialized
maj 21, 2025 1:40:27 AM com.example.demo.data.util.LoggerUtility logEvent
INFO: [2025-05-21 01:40:27] EVENT: OfferRepository initialized
[2025-05-21 01:40:27] EVENT: OfferRepository initialized
maj 21, 2025 1:40:27 AM com.example.demo.data.util.LoggerUtility logEvent
INFO: [2025-05-21 01:40:27] EVENT: ReviewRepository initialized
[2025-05-21 01:40:27] EVENT: ReviewRepository initialized
maj 21, 2025 1:40:27 AM com.example.demo.data.util.LoggerUtility logEvent
INFO: [2025-05-21 01:40:27] EVENT: TransactionRepository initialized
[2025-05-21 01:40:27] EVENT: TransactionRepository initialized
maj 21, 2025 1:40:27 AM com.example.demo.data.util.LoggerUtility logEvent
INFO: [2025-05-21 01:40:27] EVENT: UserRepository initialiseret
[2025-05-21 01:40:27] EVENT: UserRepository initialiseret
maj 21, 2025 1:40:27 AM com.example.demo.data.util.LoggerUtility logEvent
INFO: [2025-05-21 01:40:27] EVENT: GetCategoriesUseCase initialized
[2025-05-21 01:40:27] EVENT: GetCategoriesUseCase initialized
maj 21, 2025 1:40:27 AM com.example.demo.data.util.LoggerUtility logEvent
INFO: [2025-05-21 01:40:27] EVENT: GetCategoryUseCase initialized
[2025-05-21 01:40:27] EVENT: GetCategoryUseCase initialized
maj 21, 2025 1:40:29 AM com.example.demo.data.util.LoggerUtility logError
SEVERE: [2025-05-21 01:40:29] ERROR: Unhandled exception: No static resource home.svg.
[2025-05-21 01:40:29] ERROR: Unhandled exception: No static resource home.svg.
maj 21, 2025 1:40:30 AM com.example.demo.data.util.LoggerUtility logError
SEVERE: [2025-05-21 01:40:30] ERROR: Unhandled exception: No static resource favicon.ico.
[2025-05-21 01:40:30] ERROR: Unhandled exception: No static resource favicon.ico.
maj 21, 2025 1:40:31 AM com.example.demo.data.util.LoggerUtility logEvent
INFO: [2025-05-21 01:40:31] EVENT: Search performed with params - keyword: null, minPrice: null, maxPrice: null, condition: null, brand: null
[2025-05-21 01:40:31] EVENT: Search performed with params - keyword: null, minPrice: null, maxPrice: null, condition: null, brand: null
maj 21, 2025 1:40:31 AM com.example.demo.data.util.LoggerUtility logError
SEVERE: [2025-05-21 01:40:31] ERROR: Unhandled exception: No static resource home.svg.
[2025-05-21 01:40:31] ERROR: Unhandled exception: No static resource home.svg.
maj 21, 2025 1:40:31 AM com.example.demo.data.util.LoggerUtility logError
SEVERE: [2025-05-21 01:40:31] ERROR: Unhandled exception: No static resource favicon.ico.
[2025-05-21 01:40:31] ERROR: Unhandled exception: No static resource favicon.ico.
maj 21, 2025 1:42:22 AM com.example.demo.data.util.LoggerUtility logError
SEVERE: [2025-05-21 01:42:22] ERROR: Unhandled exception: No static resource home.svg.
[2025-05-21 01:42:22] ERROR: Unhandled exception: No static resource home.svg.
maj 21, 2025 1:42:23 AM com.example.demo.data.util.LoggerUtility logError
SEVERE: [2025-05-21 01:42:23] ERROR: Unhandled exception: No static resource favicon.ico.
[2025-05-21 01:42:23] ERROR: Unhandled exception: No static resource favicon.ico.
maj 21, 2025 1:42:24 AM com.example.demo.data.util.LoggerUtility logEvent
INFO: [2025-05-21 01:42:24] EVENT: Search performed with params - keyword: null, minPrice: null, maxPrice: null, condition: null, brand: null
[2025-05-21 01:42:24] EVENT: Search performed with params - keyword: null, minPrice: null, maxPrice: null, condition: null, brand: null
maj 21, 2025 1:42:24 AM com.example.demo.data.util.LoggerUtility logError
SEVERE: [2025-05-21 01:42:24] ERROR: Unhandled exception: No static resource home.svg.
[2025-05-21 01:42:24] ERROR: Unhandled exception: No static resource home.svg.
maj 21, 2025 1:42:24 AM com.example.demo.data.util.LoggerUtility logError
SEVERE: [2025-05-21 01:42:24] ERROR: Unhandled exception: No static resource favicon.ico.
[2025-05-21 01:42:24] ERROR: Unhandled exception: No static resource favicon.ico.
maj 21, 2025 1:43:32 AM com.example.demo.data.util.LoggerUtility logEvent
INFO: [2025-05-21 01:43:32] EVENT: CategoryRepository initialiseret
[2025-05-21 01:43:32] EVENT: CategoryRepository initialiseret
maj 21, 2025 1:43:32 AM com.example.demo.data.util.LoggerUtility logEvent
INFO: [2025-05-21 01:43:32] EVENT: ListingRepository initialiseret
[2025-05-21 01:43:32] EVENT: ListingRepository initialiseret
maj 21, 2025 1:43:32 AM com.example.demo.data.util.LoggerUtility logEvent
INFO: [2025-05-21 01:43:32] EVENT: FavoriteRepository initialized
[2025-05-21 01:43:32] EVENT: FavoriteRepository initialized
maj 21, 2025 1:43:32 AM com.example.demo.data.util.LoggerUtility logEvent
INFO: [2025-05-21 01:43:32] EVENT: MessageRepository initialiseret
[2025-05-21 01:43:32] EVENT: MessageRepository initialiseret
maj 21, 2025 1:43:32 AM com.example.demo.data.util.LoggerUtility logEvent
INFO: [2025-05-21 01:43:32] EVENT: NotificationRepository initialized
[2025-05-21 01:43:32] EVENT: NotificationRepository initialized
maj 21, 2025 1:43:32 AM com.example.demo.data.util.LoggerUtility logEvent
INFO: [2025-05-21 01:43:32] EVENT: OfferRepository initialized
[2025-05-21 01:43:32] EVENT: OfferRepository initialized
maj 21, 2025 1:43:32 AM com.example.demo.data.util.LoggerUtility logEvent
INFO: [2025-05-21 01:43:32] EVENT: ReviewRepository initialized
[2025-05-21 01:43:32] EVENT: ReviewRepository initialized
maj 21, 2025 1:43:32 AM com.example.demo.data.util.LoggerUtility logEvent
INFO: [2025-05-21 01:43:32] EVENT: TransactionRepository initialized
[2025-05-21 01:43:32] EVENT: TransactionRepository initialized
maj 21, 2025 1:43:32 AM com.example.demo.data.util.LoggerUtility logEvent
INFO: [2025-05-21 01:43:32] EVENT: UserRepository initialiseret
[2025-05-21 01:43:32] EVENT: UserRepository initialiseret
maj 21, 2025 1:43:32 AM com.example.demo.data.util.LoggerUtility logEvent
INFO: [2025-05-21 01:43:32] EVENT: GetCategoriesUseCase initialized
[2025-05-21 01:43:32] EVENT: GetCategoriesUseCase initialized
maj 21, 2025 1:43:32 AM com.example.demo.data.util.LoggerUtility logEvent
INFO: [2025-05-21 01:43:32] EVENT: GetCategoryUseCase initialized
[2025-05-21 01:43:32] EVENT: GetCategoryUseCase initialized
maj 21, 2025 1:43:33 AM com.example.demo.data.util.LoggerUtility logEvent
INFO: [2025-05-21 01:43:33] EVENT: Search performed with params - keyword: null, minPrice: null, maxPrice: null, condition: null, brand: null
[2025-05-21 01:43:33] EVENT: Search performed with params - keyword: null, minPrice: null, maxPrice: null, condition: null, brand: null
maj 21, 2025 1:43:33 AM com.example.demo.data.util.LoggerUtility logError
SEVERE: [2025-05-21 01:43:33] ERROR: Unhandled exception: No static resource home.svg.
[2025-05-21 01:43:33] ERROR: Unhandled exception: No static resource home.svg.
maj 21, 2025 1:43:33 AM com.example.demo.data.util.LoggerUtility logError
SEVERE: [2025-05-21 01:43:33] ERROR: Unhandled exception: No static resource favicon.ico.
[2025-05-21 01:43:33] ERROR: Unhandled exception: No static resource favicon.ico.
maj 21, 2025 1:17:54 PM com.example.demo.data.util.LoggerUtility logEvent
INFO: [2025-05-21 13:17:54] EVENT: CategoryRepository initialiseret
[2025-05-21 13:17:54] EVENT: CategoryRepository initialiseret
maj 21, 2025 1:17:54 PM com.example.demo.data.util.LoggerUtility logEvent
INFO: [2025-05-21 13:17:54] EVENT: ListingRepository initialiseret
[2025-05-21 13:17:54] EVENT: ListingRepository initialiseret
maj 21, 2025 1:17:54 PM com.example.demo.data.util.LoggerUtility logEvent
INFO: [2025-05-21 13:17:54] EVENT: FavoriteRepository initialized
[2025-05-21 13:17:54] EVENT: FavoriteRepository initialized
maj 21, 2025 1:17:54 PM com.example.demo.data.util.LoggerUtility logEvent
INFO: [2025-05-21 13:17:54] EVENT: MessageRepository initialiseret
[2025-05-21 13:17:54] EVENT: MessageRepository initialiseret
maj 21, 2025 1:17:54 PM com.example.demo.data.util.LoggerUtility logEvent
INFO: [2025-05-21 13:17:54] EVENT: NotificationRepository initialized
[2025-05-21 13:17:54] EVENT: NotificationRepository initialized
maj 21, 2025 1:17:54 PM com.example.demo.data.util.LoggerUtility logEvent
INFO: [2025-05-21 13:17:54] EVENT: OfferRepository initialized
[2025-05-21 13:17:54] EVENT: OfferRepository initialized
maj 21, 2025 1:17:54 PM com.example.demo.data.util.LoggerUtility logEvent
INFO: [2025-05-21 13:17:54] EVENT: ReviewRepository initialized
[2025-05-21 13:17:54] EVENT: ReviewRepository initialized
maj 21, 2025 1:17:54 PM com.example.demo.data.util.LoggerUtility logEvent
INFO: [2025-05-21 13:17:54] EVENT: TransactionRepository initialized
[2025-05-21 13:17:54] EVENT: TransactionRepository initialized
maj 21, 2025 1:17:54 PM com.example.demo.data.util.LoggerUtility logEvent
INFO: [2025-05-21 13:17:54] EVENT: UserRepository initialiseret
[2025-05-21 13:17:54] EVENT: UserRepository initialiseret
maj 21, 2025 1:17:54 PM com.example.demo.data.util.LoggerUtility logEvent
INFO: [2025-05-21 13:17:54] EVENT: GetCategoriesUseCase initialized
[2025-05-21 13:17:54] EVENT: GetCategoriesUseCase initialized
maj 21, 2025 1:17:54 PM com.example.demo.data.util.LoggerUtility logEvent
INFO: [2025-05-21 13:17:54] EVENT: GetCategoryUseCase initialized
[2025-05-21 13:17:54] EVENT: GetCategoryUseCase initialized
maj 21, 2025 1:17:55 PM com.example.demo.data.util.LoggerUtility logError
SEVERE: [2025-05-21 13:17:55] ERROR: Unhandled exception: No static resource home.svg.
[2025-05-21 13:17:55] ERROR: Unhandled exception: No static resource home.svg.
maj 21, 2025 1:17:56 PM com.example.demo.data.util.LoggerUtility logError
SEVERE: [2025-05-21 13:17:56] ERROR: Unhandled exception: No static resource favicon.ico.
[2025-05-21 13:17:56] ERROR: Unhandled exception: No static resource favicon.ico.
maj 21, 2025 1:17:57 PM com.example.demo.data.util.LoggerUtility logEvent
INFO: [2025-05-21 13:17:57] EVENT: Search performed with params - keyword: null, minPrice: null, maxPrice: null, condition: null, brand: null
[2025-05-21 13:17:57] EVENT: Search performed with params - keyword: null, minPrice: null, maxPrice: null, condition: null, brand: null
maj 21, 2025 1:17:57 PM com.example.demo.data.util.LoggerUtility logError
SEVERE: [2025-05-21 13:17:57] ERROR: Unhandled exception: No static resource home.svg.
[2025-05-21 13:17:57] ERROR: Unhandled exception: No static resource home.svg.
maj 21, 2025 1:17:58 PM com.example.demo.data.util.LoggerUtility logError
SEVERE: [2025-05-21 13:17:58] ERROR: Unhandled exception: No static resource favicon.ico.
[2025-05-21 13:17:58] ERROR: Unhandled exception: No static resource favicon.ico.
maj 21, 2025 1:20:27 PM com.example.demo.data.util.LoggerUtility logEvent
INFO: [2025-05-21 13:20:27] EVENT: CategoryRepository initialiseret
[2025-05-21 13:20:27] EVENT: CategoryRepository initialiseret
maj 21, 2025 1:20:27 PM com.example.demo.data.util.LoggerUtility logEvent
INFO: [2025-05-21 13:20:27] EVENT: ListingRepository initialiseret
[2025-05-21 13:20:27] EVENT: ListingRepository initialiseret
maj 21, 2025 1:20:27 PM com.example.demo.data.util.LoggerUtility logEvent
INFO: [2025-05-21 13:20:27] EVENT: FavoriteRepository initialized
[2025-05-21 13:20:27] EVENT: FavoriteRepository initialized
maj 21, 2025 1:20:27 PM com.example.demo.data.util.LoggerUtility logEvent
INFO: [2025-05-21 13:20:27] EVENT: MessageRepository initialiseret
[2025-05-21 13:20:27] EVENT: MessageRepository initialiseret
maj 21, 2025 1:20:27 PM com.example.demo.data.util.LoggerUtility logEvent
INFO: [2025-05-21 13:20:27] EVENT: NotificationRepository initialized
[2025-05-21 13:20:27] EVENT: NotificationRepository initialized
maj 21, 2025 1:20:27 PM com.example.demo.data.util.LoggerUtility logEvent
INFO: [2025-05-21 13:20:27] EVENT: OfferRepository initialized
[2025-05-21 13:20:27] EVENT: OfferRepository initialized
maj 21, 2025 1:20:27 PM com.example.demo.data.util.LoggerUtility logEvent
INFO: [2025-05-21 13:20:27] EVENT: ReviewRepository initialized
[2025-05-21 13:20:27] EVENT: ReviewRepository initialized
maj 21, 2025 1:20:27 PM com.example.demo.data.util.LoggerUtility logEvent
INFO: [2025-05-21 13:20:27] EVENT: TransactionRepository initialized
[2025-05-21 13:20:27] EVENT: TransactionRepository initialized
maj 21, 2025 1:20:27 PM com.example.demo.data.util.LoggerUtility logEvent
INFO: [2025-05-21 13:20:27] EVENT: UserRepository initialiseret
[2025-05-21 13:20:27] EVENT: UserRepository initialiseret
maj 21, 2025 1:20:27 PM com.example.demo.data.util.LoggerUtility logEvent
INFO: [2025-05-21 13:20:27] EVENT: GetCategoriesUseCase initialized
[2025-05-21 13:20:27] EVENT: GetCategoriesUseCase initialized
maj 21, 2025 1:20:27 PM com.example.demo.data.util.LoggerUtility logEvent
INFO: [2025-05-21 13:20:27] EVENT: GetCategoryUseCase initialized
[2025-05-21 13:20:27] EVENT: GetCategoryUseCase initialized
maj 21, 2025 1:20:28 PM com.example.demo.data.util.LoggerUtility logEvent
INFO: [2025-05-21 13:20:28] EVENT: Search performed with params - keyword: null, minPrice: null, maxPrice: null, condition: null, brand: null
[2025-05-21 13:20:28] EVENT: Search performed with params - keyword: null, minPrice: null, maxPrice: null, condition: null, brand: null
maj 21, 2025 1:20:28 PM com.example.demo.data.util.LoggerUtility logError
SEVERE: [2025-05-21 13:20:28] ERROR: Unhandled exception: No static resource home.svg.
[2025-05-21 13:20:28] ERROR: Unhandled exception: No static resource home.svg.
maj 21, 2025 1:20:29 PM com.example.demo.data.util.LoggerUtility logError
SEVERE: [2025-05-21 13:20:29] ERROR: Unhandled exception: No static resource favicon.ico.
[2025-05-21 13:20:29] ERROR: Unhandled exception: No static resource favicon.ico.
maj 21, 2025 1:20:31 PM com.example.demo.data.util.LoggerUtility logEvent
INFO: [2025-05-21 13:20:31] EVENT: Search performed with params - keyword: null, minPrice: null, maxPrice: null, condition: null, brand: null
[2025-05-21 13:20:31] EVENT: Search performed with params - keyword: null, minPrice: null, maxPrice: null, condition: null, brand: null
maj 21, 2025 1:20:31 PM com.example.demo.data.util.LoggerUtility logError
SEVERE: [2025-05-21 13:20:31] ERROR: Unhandled exception: No static resource home.svg.
[2025-05-21 13:20:31] ERROR: Unhandled exception: No static resource home.svg.
maj 21, 2025 1:20:31 PM com.example.demo.data.util.LoggerUtility logError
SEVERE: [2025-05-21 13:20:31] ERROR: Unhandled exception: No static resource favicon.ico.
[2025-05-21 13:20:31] ERROR: Unhandled exception: No static resource favicon.ico.
maj 21, 2025 1:20:31 PM com.example.demo.data.util.LoggerUtility logEvent
INFO: [2025-05-21 13:20:31] EVENT: Search performed with params - keyword: null, minPrice: null, maxPrice: null, condition: null, brand: null
[2025-05-21 13:20:31] EVENT: Search performed with params - keyword: null, minPrice: null, maxPrice: null, condition: null, brand: null
maj 21, 2025 1:20:31 PM com.example.demo.data.util.LoggerUtility logError
SEVERE: [2025-05-21 13:20:31] ERROR: Unhandled exception: No static resource home.svg.
[2025-05-21 13:20:31] ERROR: Unhandled exception: No static resource home.svg.
maj 21, 2025 1:20:31 PM com.example.demo.data.util.LoggerUtility logError
SEVERE: [2025-05-21 13:20:31] ERROR: Unhandled exception: No static resource favicon.ico.
[2025-05-21 13:20:31] ERROR: Unhandled exception: No static resource favicon.ico.
maj 21, 2025 1:20:36 PM com.example.demo.data.util.LoggerUtility logEvent
INFO: [2025-05-21 13:20:36] EVENT: Search performed with params - keyword: null, minPrice: null, maxPrice: null, condition: null, brand: null
[2025-05-21 13:20:36] EVENT: Search performed with params - keyword: null, minPrice: null, maxPrice: null, condition: null, brand: null
maj 21, 2025 1:20:36 PM com.example.demo.data.util.LoggerUtility logError
SEVERE: [2025-05-21 13:20:36] ERROR: Unhandled exception: No static resource home.svg.
[2025-05-21 13:20:36] ERROR: Unhandled exception: No static resource home.svg.
maj 21, 2025 1:20:36 PM com.example.demo.data.util.LoggerUtility logError
SEVERE: [2025-05-21 13:20:36] ERROR: Unhandled exception: No static resource favicon.ico.
[2025-05-21 13:20:36] ERROR: Unhandled exception: No static resource favicon.ico.
maj 21, 2025 1:20:38 PM com.example.demo.data.util.LoggerUtility logError
SEVERE: [2025-05-21 13:20:38] ERROR: Unhandled exception: No static resource home.svg.
[2025-05-21 13:20:38] ERROR: Unhandled exception: No static resource home.svg.
maj 21, 2025 1:20:38 PM com.example.demo.data.util.LoggerUtility logError
SEVERE: [2025-05-21 13:20:38] ERROR: Unhandled exception: No static resource favicon.ico.
[2025-05-21 13:20:38] ERROR: Unhandled exception: No static resource favicon.ico.
maj 21, 2025 1:20:41 PM com.example.demo.data.util.LoggerUtility logError
SEVERE: [2025-05-21 13:20:41] ERROR: Unhandled exception: No static resource favicon.ico.
[2025-05-21 13:20:41] ERROR: Unhandled exception: No static resource favicon.ico.
